[GIN-debug] [WARNING] Creating an Engine instance with the Logger and Recovery middleware already attached.

[GIN-debug] [WARNING] Running in "debug" mode. Switch to "release" mode in production.
 - using env:	export GIN_MODE=release
 - using code:	gin.SetMode(gin.ReleaseMode)

[GIN-debug] Loaded HTML Templates (27): 
	- error.html
	- file_history.html
	- profile.html
	- screenshot_success.html
	- verification_mail.html
	- watermark.html
	- login.html
	- delete_conf.html
	- email_redirect.html
	- goodbye.html
	- restored.html
	- cut.html
	- dashboard.html
	- cut_edit.html
	- cut_success.html
	- download.html
	- restore.html
	- 404.html
	- convert_success.html
	- screenshot_edit.html
	- signout.html
	- 
	- convert.html
	- email.html
	- email_confirm.html
	- screenshot.html
	- watermark_success.html

[GIN-debug] GET    /static/*filepath         --> github.com/gin-gonic/gin.(*RouterGroup).createStaticHandler.func1 (4 handlers)
[GIN-debug] HEAD   /static/*filepath         --> github.com/gin-gonic/gin.(*RouterGroup).createStaticHandler.func1 (4 handlers)
[GIN-debug] GET    /uploads/*filepath        --> github.com/gin-gonic/gin.(*RouterGroup).createStaticHandler.func1 (4 handlers)
[GIN-debug] HEAD   /uploads/*filepath        --> github.com/gin-gonic/gin.(*RouterGroup).createStaticHandler.func1 (4 handlers)
[GIN-debug] GET    /metrics                  --> main.main.WrapH.func3 (4 handlers)
[GIN-debug] GET    /                         --> github.com/shuklarituparn/Conversion-Microservice/internal/handlers.WelcomeHandler (4 handlers)
[GIN-debug] GET    /login                    --> github.com/shuklarituparn/Conversion-Microservice/internal/handlers.Login (4 handlers)
[GIN-debug] GET    /callback                 --> github.com/shuklarituparn/Conversion-Microservice/internal/handlers.Callback (4 handlers)
[GIN-debug] GET    /dashboard                --> github.com/shuklarituparn/Conversion-Microservice/internal/handlers.Dashboard (5 handlers)
[GIN-debug] GET    /convert                  --> github.com/shuklarituparn/Conversion-Microservice/internal/handlers.Convert (5 handlers)
[GIN-debug] POST   /convert                  --> github.com/shuklarituparn/Conversion-Microservice/internal/handlers.ConvertUpload (5 handlers)
[GIN-debug] GET    /cut                      --> github.com/shuklarituparn/Conversion-Microservice/internal/handlers.Cut (5 handlers)
[GIN-debug] POST   /cut_edit                 --> github.com/shuklarituparn/Conversion-Microservice/internal/handlers.CutEditPage (5 handlers)
[GIN-debug] POST   /cut                      --> github.com/shuklarituparn/Conversion-Microservice/internal/handlers.CutEditResult (5 handlers)
[GIN-debug] GET    /watermark                --> github.com/shuklarituparn/Conversion-Microservice/internal/handlers.Watermark (5 handlers)
[GIN-debug] POST   /watermark                --> github.com/shuklarituparn/Conversion-Microservice/internal/handlers.WatermarkResult (5 handlers)
[GIN-debug] GET    /screenshot               --> github.com/shuklarituparn/Conversion-Microservice/internal/handlers.Screenshot (5 handlers)
[GIN-debug] POST   /screenshot_edit          --> github.com/shuklarituparn/Conversion-Microservice/internal/handlers.Screenshot_edit (5 handlers)
[GIN-debug] POST   /screenshot               --> github.com/shuklarituparn/Conversion-Microservice/internal/handlers.ScreenShotResult (5 handlers)
[GIN-debug] GET    /profile                  --> github.com/shuklarituparn/Conversion-Microservice/internal/handlers.Profile (5 handlers)
[GIN-debug] GET    /profile/email            --> github.com/shuklarituparn/Conversion-Microservice/internal/handlers.EmailHandler (5 handlers)
[GIN-debug] POST   /profile/email            --> github.com/shuklarituparn/Conversion-Microservice/internal/handlers.EmailUpdateHandler (5 handlers)
[GIN-debug] GET    /profile/files            --> github.com/shuklarituparn/Conversion-Microservice/internal/handlers.FileHistory (5 handlers)
[GIN-debug] GET    /profile/delete           --> github.com/shuklarituparn/Conversion-Microservice/internal/handlers.AccountDeleteConf (5 handlers)
[GIN-debug] POST   /profile/delete           --> github.com/shuklarituparn/Conversion-Microservice/internal/handlers.AccountDelete (5 handlers)
[GIN-debug] GET    /profile/restore          --> github.com/shuklarituparn/Conversion-Microservice/internal/handlers.Restore (5 handlers)
[GIN-debug] POST   /verify_mail              --> github.com/shuklarituparn/Conversion-Microservice/internal/handlers.EmailConfirm (5 handlers)
[GIN-debug] GET    /profile/download         --> github.com/shuklarituparn/Conversion-Microservice/internal/handlers.Download (5 handlers)
[GIN-debug] GET    /verify_mail              --> github.com/shuklarituparn/Conversion-Microservice/internal/handlers.VerificationEmail (5 handlers)
[GIN-debug] GET    /signout                  --> github.com/shuklarituparn/Conversion-Microservice/internal/handlers.Signout (5 handlers)
[GIN-debug] [WARNING] You trusted all proxies, this is NOT safe. We recommend you to set a value.
Please check https://pkg.go.dev/github.com/gin-gonic/gin#readme-don-t-trust-all-proxies for details.
[GIN-debug] Listening and serving HTTP on :8085
[GIN] 2024/02/27 - 18:55:23 | 200 |    2.354577ms | 195.181.165.183 | GET      "/screenshot"
[GIN] 2024/02/27 - 18:55:45 | 200 |  4.824949611s | 195.181.165.183 | POST     "/screenshot_edit"
[GIN] 2024/02/27 - 18:55:45 | 206 |    4.036381ms | 195.181.165.183 | GET      "/uploads/Ритупарн_IMG_1876.MP4"
[GIN] 2024/02/27 - 18:55:45 | 206 |     226.076µs | 195.181.165.183 | GET      "/uploads/Ритупарн_IMG_1876.MP4"
[GIN] 2024/02/27 - 18:55:46 | 206 |    2.080567ms | 195.181.165.183 | GET      "/uploads/Ритупарн_IMG_1876.MP4"
[GIN] 2024/02/27 - 18:55:50 | 302 |     6.28567ms | 195.181.165.183 | POST     "/screenshot"
[GIN] 2024/02/27 - 18:55:53 | 200 |    1.798417ms | 195.181.165.183 | GET      "/screenshot"
[GIN] 2024/02/27 - 18:57:34 | 200 |  1.849071932s | 195.181.165.183 | GET      "/profile/download?userid=625608093&fileid=65de060e73eb96210137f90a&mode=%d0%a1%d0%ba%d1%80%d0%b8%d0%bd%d1%88%d0%be%d1%82%d1%8b"
