[GIN-debug] [WARNING] Creating an Engine instance with the Logger and Recovery middleware already attached.

[GIN-debug] [WARNING] Running in "debug" mode. Switch to "release" mode in production.
 - using env:	export GIN_MODE=release
 - using code:	gin.SetMode(gin.ReleaseMode)

[GIN-debug] Loaded HTML Templates (26): 
	- cut.html
	- cut_edit.html
	- error.html
	- watermark.html
	- convert.html
	- dashboard.html
	- email_redirect.html
	- profile.html
	- signout.html
	- watermark_success.html
	- email_confirm.html
	- restore.html
	- screenshot.html
	- cut_success.html
	- delete_conf.html
	- 
	- screenshot_success.html
	- convert_success.html
	- email.html
	- screenshot_edit.html
	- verification_mail.html
	- file_history.html
	- restored.html
	- 404.html
	- goodbye.html
	- login.html

[GIN-debug] GET    /static/*filepath         --> github.com/gin-gonic/gin.(*RouterGroup).createStaticHandler.func1 (4 handlers)
[GIN-debug] HEAD   /static/*filepath         --> github.com/gin-gonic/gin.(*RouterGroup).createStaticHandler.func1 (4 handlers)
[GIN-debug] GET    /metrics                  --> main.main.WrapH.func5 (4 handlers)
[GIN-debug] GET    /                         --> github.com/shuklarituparn/Conversion-Microservice/internal/handlers.WelcomeHandler (4 handlers)
[GIN-debug] GET    /login                    --> github.com/shuklarituparn/Conversion-Microservice/internal/handlers.Login (4 handlers)
[GIN-debug] GET    /callback                 --> github.com/shuklarituparn/Conversion-Microservice/internal/handlers.Callback (4 handlers)
[GIN-debug] GET    /dashboard                --> github.com/shuklarituparn/Conversion-Microservice/internal/handlers.Dashboard (5 handlers)
[GIN-debug] GET    /convert                  --> github.com/shuklarituparn/Conversion-Microservice/internal/handlers.Convert (5 handlers)
[GIN-debug] POST   /convert                  --> github.com/shuklarituparn/Conversion-Microservice/internal/handlers.ConvertUpload (5 handlers)
[GIN-debug] GET    /cut                      --> github.com/shuklarituparn/Conversion-Microservice/internal/handlers.Cut (5 handlers)
[GIN-debug] POST   /cut_edit                 --> github.com/shuklarituparn/Conversion-Microservice/internal/handlers.CutEditPage (5 handlers)
[GIN-debug] GET    /watermark                --> github.com/shuklarituparn/Conversion-Microservice/internal/handlers.Watermark (5 handlers)
[GIN-debug] GET    /screenshot               --> github.com/shuklarituparn/Conversion-Microservice/internal/handlers.Screenshot (5 handlers)
[GIN-debug] GET    /profile                  --> github.com/shuklarituparn/Conversion-Microservice/internal/handlers.Profile (5 handlers)
[GIN-debug] GET    /profile/email            --> github.com/shuklarituparn/Conversion-Microservice/internal/handlers.EmailHandler (5 handlers)
[GIN-debug] POST   /profile/email            --> github.com/shuklarituparn/Conversion-Microservice/internal/handlers.EmailUpdateHandler (5 handlers)
[GIN-debug] GET    /profile/files            --> github.com/shuklarituparn/Conversion-Microservice/internal/handlers.FileHistory (5 handlers)
[GIN-debug] GET    /profile/delete           --> github.com/shuklarituparn/Conversion-Microservice/internal/handlers.AccountDeleteConf (5 handlers)
[GIN-debug] POST   /profile/delete           --> github.com/shuklarituparn/Conversion-Microservice/internal/handlers.AccountDelete (5 handlers)
[GIN-debug] GET    /profile/restore          --> github.com/shuklarituparn/Conversion-Microservice/internal/handlers.Restore (5 handlers)
[GIN-debug] POST   /verify_mail              --> github.com/shuklarituparn/Conversion-Microservice/internal/handlers.EmailConfirm (5 handlers)
[GIN-debug] GET    /verify_mail              --> github.com/shuklarituparn/Conversion-Microservice/internal/handlers.VerificationEmail (5 handlers)
[GIN-debug] GET    /signout                  --> github.com/shuklarituparn/Conversion-Microservice/internal/handlers.Signout (5 handlers)
[GIN-debug] [WARNING] You trusted all proxies, this is NOT safe. We recommend you to set a value.
Please check https://pkg.go.dev/github.com/gin-gonic/gin#readme-don-t-trust-all-proxies for details.
[GIN-debug] Listening and serving HTTP on :8085
[GIN] 2024/02/18 - 17:33:56 | 302 |    5.808483ms |  108.61.173.108 | GET      "/profile/delete?code=33444b7b-0ed5-4b84-8e1c-fd8487487187"
[GIN-debug] [WARNING] Headers were already written. Wanted to override status code 200 with 500
[GIN] 2024/02/18 - 17:33:58 | 200 |    7.019601ms |  108.61.173.108 | POST     "/profile/delete?userID=625608093"
[GIN] 2024/02/18 - 17:34:00 | 200 |    2.153726ms |  108.61.173.108 | GET      "/"
[GIN] 2024/02/18 - 17:34:02 | 302 |     270.526µs |  108.61.173.108 | GET      "/login"
[GIN] 2024/02/18 - 17:34:05 | 302 |  254.308348ms |  108.61.173.108 | GET      "/callback?code=b959172a5a9cddf38a&state=42c323ac-e64b-4da8-a0e5-a961f53cc24c"
[GIN] 2024/02/18 - 17:34:05 | 302 |    7.860713ms |  108.61.173.108 | GET      "/profile/restore"
[GIN] 2024/02/18 - 17:34:07 | 404 |    2.767175ms |  108.61.173.108 | POST     "/profile/delete?code=14e10ec9-b40c-425c-8fea-c019d3a29a88"
