[GIN-debug] [WARNING] Creating an Engine instance with the Logger and Recovery middleware already attached.

[GIN-debug] [WARNING] Running in "debug" mode. Switch to "release" mode in production.
 - using env:	export GIN_MODE=release
 - using code:	gin.SetMode(gin.ReleaseMode)

[GIN-debug] Loaded HTML Templates (27): 
	- convert.html
	- dashboard.html
	- download.html
	- goodbye.html
	- error.html
	- watermark.html
	- email_confirm.html
	- file_history.html
	- profile.html
	- verification_mail.html
	- cut.html
	- screenshot_edit.html
	- screenshot_success.html
	- cut_edit.html
	- convert_success.html
	- restore.html
	- screenshot.html
	- 
	- login.html
	- watermark_success.html
	- email.html
	- email_redirect.html
	- restored.html
	- signout.html
	- 404.html
	- cut_success.html
	- delete_conf.html

[GIN-debug] GET    /static/*filepath         --> github.com/gin-gonic/gin.(*RouterGroup).createStaticHandler.func1 (4 handlers)
[GIN-debug] HEAD   /static/*filepath         --> github.com/gin-gonic/gin.(*RouterGroup).createStaticHandler.func1 (4 handlers)
[GIN-debug] GET    /uploads/*filepath        --> github.com/gin-gonic/gin.(*RouterGroup).createStaticHandler.func1 (4 handlers)
[GIN-debug] HEAD   /uploads/*filepath        --> github.com/gin-gonic/gin.(*RouterGroup).createStaticHandler.func1 (4 handlers)
[GIN-debug] GET    /metrics                  --> main.main.WrapH.func3 (4 handlers)
[GIN-debug] GET    /                         --> github.com/shuklarituparn/Conversion-Microservice/internal/handlers.WelcomeHandler (4 handlers)
[GIN-debug] GET    /login                    --> github.com/shuklarituparn/Conversion-Microservice/internal/handlers.Login (4 handlers)
[GIN-debug] GET    /callback                 --> github.com/shuklarituparn/Conversion-Microservice/internal/handlers.Callback (4 handlers)
[GIN-debug] GET    /dashboard                --> github.com/shuklarituparn/Conversion-Microservice/internal/handlers.Dashboard (5 handlers)
[GIN-debug] GET    /convert                  --> github.com/shuklarituparn/Conversion-Microservice/internal/handlers.Convert (5 handlers)
[GIN-debug] POST   /convert                  --> github.com/shuklarituparn/Conversion-Microservice/internal/handlers.ConvertUpload (5 handlers)
[GIN-debug] GET    /cut                      --> github.com/shuklarituparn/Conversion-Microservice/internal/handlers.Cut (5 handlers)
[GIN-debug] POST   /cut_edit                 --> github.com/shuklarituparn/Conversion-Microservice/internal/handlers.CutEditPage (5 handlers)
[GIN-debug] POST   /cut                      --> github.com/shuklarituparn/Conversion-Microservice/internal/handlers.CutEditResult (5 handlers)
[GIN-debug] GET    /watermark                --> github.com/shuklarituparn/Conversion-Microservice/internal/handlers.Watermark (5 handlers)
[GIN-debug] POST   /watermark                --> github.com/shuklarituparn/Conversion-Microservice/internal/handlers.WatermarkResult (5 handlers)
[GIN-debug] GET    /screenshot               --> github.com/shuklarituparn/Conversion-Microservice/internal/handlers.Screenshot (5 handlers)
[GIN-debug] POST   /screenshot_edit          --> github.com/shuklarituparn/Conversion-Microservice/internal/handlers.Screenshot_edit (5 handlers)
[GIN-debug] POST   /screenshot               --> github.com/shuklarituparn/Conversion-Microservice/internal/handlers.ScreenShotResult (5 handlers)
[GIN-debug] GET    /profile                  --> github.com/shuklarituparn/Conversion-Microservice/internal/handlers.Profile (5 handlers)
[GIN-debug] GET    /profile/email            --> github.com/shuklarituparn/Conversion-Microservice/internal/handlers.EmailHandler (5 handlers)
[GIN-debug] POST   /profile/email            --> github.com/shuklarituparn/Conversion-Microservice/internal/handlers.EmailUpdateHandler (5 handlers)
[GIN-debug] GET    /profile/files            --> github.com/shuklarituparn/Conversion-Microservice/internal/handlers.FileHistory (5 handlers)
[GIN-debug] GET    /profile/delete           --> github.com/shuklarituparn/Conversion-Microservice/internal/handlers.AccountDeleteConf (5 handlers)
[GIN-debug] POST   /profile/delete           --> github.com/shuklarituparn/Conversion-Microservice/internal/handlers.AccountDelete (5 handlers)
[GIN-debug] GET    /profile/restore          --> github.com/shuklarituparn/Conversion-Microservice/internal/handlers.Restore (5 handlers)
[GIN-debug] POST   /verify_mail              --> github.com/shuklarituparn/Conversion-Microservice/internal/handlers.EmailConfirm (5 handlers)
[GIN-debug] GET    /profile/download         --> github.com/shuklarituparn/Conversion-Microservice/internal/handlers.Download (5 handlers)
[GIN-debug] GET    /verify_mail              --> github.com/shuklarituparn/Conversion-Microservice/internal/handlers.VerificationEmail (5 handlers)
[GIN-debug] GET    /signout                  --> github.com/shuklarituparn/Conversion-Microservice/internal/handlers.Signout (5 handlers)
[GIN-debug] [WARNING] You trusted all proxies, this is NOT safe. We recommend you to set a value.
Please check https://pkg.go.dev/github.com/gin-gonic/gin#readme-don-t-trust-all-proxies for details.
[GIN-debug] Listening and serving HTTP on :8085
[GIN] 2024/02/27 - 15:45:22 | 200 |    1.440826ms |   93.175.13.251 | GET      "/"
[GIN] 2024/02/27 - 15:45:22 | 200 |     3.52011ms |   93.175.13.251 | GET      "/static/css/output.css"
[GIN] 2024/02/27 - 15:45:24 | 302 |     143.199µs |   93.175.13.251 | GET      "/login"
[GIN] 2024/02/27 - 15:45:28 | 302 |  512.926327ms |   93.175.13.251 | GET      "/callback?code=3a8971961d7922af73&state=e49604e1-3d48-4187-80f3-268a878f8407"
[GIN] 2024/02/27 - 15:45:28 | 200 |    2.273978ms |   93.175.13.251 | GET      "/dashboard"
[GIN] 2024/02/27 - 15:45:31 | 200 |    1.955789ms |   93.175.13.251 | GET      "/convert"
[GIN] 2024/02/27 - 15:45:45 | 400 |    3.9061015s |   93.175.13.251 | POST     "/convert"
