[GIN-debug] [WARNING] Creating an Engine instance with the Logger and Recovery middleware already attached.

[GIN-debug] [WARNING] Running in "debug" mode. Switch to "release" mode in production.
 - using env:	export GIN_MODE=release
 - using code:	gin.SetMode(gin.ReleaseMode)

[GIN-debug] Loaded HTML Templates (16): 
	- convert_success.html
	- cut_success.html
	- login.html
	- watermark.html
	- 
	- 404.html
	- screenshot_success.html
	- dashboard.html
	- profile.html
	- screenshot.html
	- cut.html
	- cut_edit.html
	- signout.html
	- watermark_success.html
	- convert.html
	- screenshot_edit.html

[GIN-debug] GET    /static/*filepath         --> github.com/gin-gonic/gin.(*RouterGroup).createStaticHandler.func1 (4 handlers)
[GIN-debug] HEAD   /static/*filepath         --> github.com/gin-gonic/gin.(*RouterGroup).createStaticHandler.func1 (4 handlers)
[GIN-debug] GET    /metrics                  --> main.main.WrapH.func4 (4 handlers)
[GIN-debug] GET    /                         --> github.com/shuklarituparn/Conversion-Microservice/internal/handlers.WelcomeHandler (4 handlers)
[GIN-debug] GET    /login                    --> github.com/shuklarituparn/Conversion-Microservice/internal/handlers.Login (4 handlers)
[GIN-debug] GET    /callback                 --> github.com/shuklarituparn/Conversion-Microservice/internal/handlers.Callback (4 handlers)
[GIN-debug] GET    /dashboard                --> github.com/shuklarituparn/Conversion-Microservice/internal/handlers.Dashboard (5 handlers)
[GIN-debug] GET    /convert                  --> github.com/shuklarituparn/Conversion-Microservice/internal/handlers.Convert (5 handlers)
[GIN-debug] POST   /convert                  --> github.com/shuklarituparn/Conversion-Microservice/internal/handlers.ConvertUpload (5 handlers)
[GIN-debug] GET    /cut                      --> github.com/shuklarituparn/Conversion-Microservice/internal/handlers.Cut (5 handlers)
[GIN-debug] GET    /watermark                --> github.com/shuklarituparn/Conversion-Microservice/internal/handlers.Watermark (5 handlers)
[GIN-debug] GET    /screenshot               --> github.com/shuklarituparn/Conversion-Microservice/internal/handlers.Screenshot (5 handlers)
[GIN-debug] GET    /profile                  --> github.com/shuklarituparn/Conversion-Microservice/internal/handlers.Profile (5 handlers)
[GIN-debug] GET    /signout                  --> github.com/shuklarituparn/Conversion-Microservice/internal/handlers.Signout (5 handlers)
[GIN-debug] [WARNING] You trusted all proxies, this is NOT safe. We recommend you to set a value.
Please check https://pkg.go.dev/github.com/gin-gonic/gin#readme-don-t-trust-all-proxies for details.
[GIN-debug] Listening and serving HTTP on :8085
[GIN] 2024/02/11 - 17:28:15 | 200 |    1.228592ms |   89.113.157.43 | GET      "/screenshot"
[GIN] 2024/02/11 - 17:28:17 | 200 |    1.534342ms |   89.113.157.43 | GET      "/watermark"
[GIN] 2024/02/11 - 17:28:18 | 200 |    1.693318ms |   89.113.157.43 | GET      "/cut"
[GIN] 2024/02/11 - 17:28:20 | 200 |    1.427613ms |   89.113.157.43 | GET      "/convert"
[GIN] 2024/02/11 - 17:28:21 | 200 |     2.16034ms |   89.113.157.43 | GET      "/dashboard"
[GIN] 2024/02/11 - 17:28:25 | 200 |    1.711853ms |   89.113.157.43 | GET      "/profile"
[GIN] 2024/02/11 - 17:28:35 | 200 |    1.027197ms |   89.113.157.43 | GET      "/screenshot"
