[GIN-debug] [WARNING] Creating an Engine instance with the Logger and Recovery middleware already attached.

[GIN-debug] [WARNING] Running in "debug" mode. Switch to "release" mode in production.
 - using env:	export GIN_MODE=release
 - using code:	gin.SetMode(gin.ReleaseMode)

[GIN-debug] Loaded HTML Templates (26): 
	- screenshot.html
	- watermark.html
	- watermark_success.html
	- convert_success.html
	- goodbye.html
	- email_confirm.html
	- error.html
	- file_history.html
	- 
	- cut_edit.html
	- login.html
	- profile.html
	- restore.html
	- screenshot_success.html
	- dashboard.html
	- email.html
	- convert.html
	- restored.html
	- signout.html
	- verification_mail.html
	- delete_conf.html
	- email_redirect.html
	- 404.html
	- screenshot_edit.html
	- cut.html
	- cut_success.html

[GIN-debug] GET    /static/*filepath         --> github.com/gin-gonic/gin.(*RouterGroup).createStaticHandler.func1 (4 handlers)
[GIN-debug] HEAD   /static/*filepath         --> github.com/gin-gonic/gin.(*RouterGroup).createStaticHandler.func1 (4 handlers)
[GIN-debug] GET    /metrics                  --> main.main.WrapH.func5 (4 handlers)
[GIN-debug] GET    /                         --> github.com/shuklarituparn/Conversion-Microservice/internal/handlers.WelcomeHandler (4 handlers)
[GIN-debug] GET    /login                    --> github.com/shuklarituparn/Conversion-Microservice/internal/handlers.Login (4 handlers)
[GIN-debug] GET    /callback                 --> github.com/shuklarituparn/Conversion-Microservice/internal/handlers.Callback (4 handlers)
[GIN-debug] GET    /dashboard                --> github.com/shuklarituparn/Conversion-Microservice/internal/handlers.Dashboard (5 handlers)
[GIN-debug] GET    /convert                  --> github.com/shuklarituparn/Conversion-Microservice/internal/handlers.Convert (5 handlers)
[GIN-debug] POST   /convert                  --> github.com/shuklarituparn/Conversion-Microservice/internal/handlers.ConvertUpload (5 handlers)
[GIN-debug] GET    /cut                      --> github.com/shuklarituparn/Conversion-Microservice/internal/handlers.Cut (5 handlers)
[GIN-debug] POST   /cut_edit                 --> github.com/shuklarituparn/Conversion-Microservice/internal/handlers.CutEditPage (5 handlers)
[GIN-debug] GET    /watermark                --> github.com/shuklarituparn/Conversion-Microservice/internal/handlers.Watermark (5 handlers)
[GIN-debug] GET    /screenshot               --> github.com/shuklarituparn/Conversion-Microservice/internal/handlers.Screenshot (5 handlers)
[GIN-debug] GET    /profile                  --> github.com/shuklarituparn/Conversion-Microservice/internal/handlers.Profile (5 handlers)
[GIN-debug] GET    /profile/email            --> github.com/shuklarituparn/Conversion-Microservice/internal/handlers.EmailHandler (5 handlers)
[GIN-debug] POST   /profile/email            --> github.com/shuklarituparn/Conversion-Microservice/internal/handlers.EmailUpdateHandler (5 handlers)
[GIN-debug] GET    /profile/files            --> github.com/shuklarituparn/Conversion-Microservice/internal/handlers.FileHistory (5 handlers)
[GIN-debug] GET    /profile/delete           --> github.com/shuklarituparn/Conversion-Microservice/internal/handlers.AccountDeleteConf (5 handlers)
[GIN-debug] POST   /profile/delete           --> github.com/shuklarituparn/Conversion-Microservice/internal/handlers.AccountDelete (5 handlers)
[GIN-debug] GET    /profile/restore          --> github.com/shuklarituparn/Conversion-Microservice/internal/handlers.Restore (5 handlers)
[GIN-debug] POST   /verify_mail              --> github.com/shuklarituparn/Conversion-Microservice/internal/handlers.EmailConfirm (5 handlers)
[GIN-debug] GET    /verify_mail              --> github.com/shuklarituparn/Conversion-Microservice/internal/handlers.VerificationEmail (5 handlers)
[GIN-debug] GET    /signout                  --> github.com/shuklarituparn/Conversion-Microservice/internal/handlers.Signout (5 handlers)
[GIN-debug] [WARNING] You trusted all proxies, this is NOT safe. We recommend you to set a value.
Please check https://pkg.go.dev/github.com/gin-gonic/gin#readme-don-t-trust-all-proxies for details.
[GIN-debug] Listening and serving HTTP on :8085
[GIN] 2024/02/18 - 17:30:47 | 302 |     295.455µs |  108.61.173.108 | GET      "/"
[GIN] 2024/02/18 - 17:30:48 | 200 |     1.64283ms |  108.61.173.108 | GET      "/dashboard"
[GIN] 2024/02/18 - 17:30:50 | 200 |    6.580018ms |  108.61.173.108 | GET      "/profile"
[GIN] 2024/02/18 - 17:30:52 | 302 |    1.997978ms |  108.61.173.108 | GET      "/profile/delete"
[GIN-debug] [WARNING] Headers were already written. Wanted to override status code 200 with 500
[GIN] 2024/02/18 - 17:30:54 | 200 |    8.548651ms |  108.61.173.108 | POST     "/profile/delete?userID=625608093"
[GIN] 2024/02/18 - 17:30:54 | 200 |    6.464236ms |  108.61.173.108 | GET      "/static/assets/persik_crying.webp"
[GIN] 2024/02/18 - 17:30:57 | 200 |    1.361723ms |  108.61.173.108 | GET      "/"
[GIN] 2024/02/18 - 17:31:02 | 302 |      95.122µs |  108.61.173.108 | GET      "/login"
[GIN] 2024/02/18 - 17:31:06 | 302 |  227.302318ms |  108.61.173.108 | GET      "/callback?code=893ce538be7f7f2511&state=9cc93231-74eb-4345-a247-bf69a1050d49"
[GIN] 2024/02/18 - 17:31:07 | 302 |    2.069024ms |  108.61.173.108 | GET      "/profile/restore"
[GIN] 2024/02/18 - 17:31:08 | 404 |    3.006625ms |  108.61.173.108 | POST     "/profile/delete?code=33444b7b-0ed5-4b84-8e1c-fd8487487187"
