[GIN-debug] [WARNING] Creating an Engine instance with the Logger and Recovery middleware already attached.

[GIN-debug] [WARNING] Running in "debug" mode. Switch to "release" mode in production.
 - using env:	export GIN_MODE=release
 - using code:	gin.SetMode(gin.ReleaseMode)

[GIN-debug] Loaded HTML Templates (19): 
	- screenshot_edit.html
	- watermark.html
	- file_history.html
	- login.html
	- dashboard.html
	- email.html
	- profile.html
	- screenshot.html
	- watermark_success.html
	- 404.html
	- cut.html
	- delete_conf.html
	- cut_edit.html
	- cut_success.html
	- convert_success.html
	- screenshot_success.html
	- signout.html
	- 
	- convert.html

[GIN-debug] GET    /static/*filepath         --> github.com/gin-gonic/gin.(*RouterGroup).createStaticHandler.func1 (4 handlers)
[GIN-debug] HEAD   /static/*filepath         --> github.com/gin-gonic/gin.(*RouterGroup).createStaticHandler.func1 (4 handlers)
[GIN-debug] GET    /metrics                  --> main.main.WrapH.func4 (4 handlers)
[GIN-debug] GET    /                         --> github.com/shuklarituparn/Conversion-Microservice/internal/handlers.WelcomeHandler (4 handlers)
[GIN-debug] GET    /login                    --> github.com/shuklarituparn/Conversion-Microservice/internal/handlers.Login (4 handlers)
[GIN-debug] GET    /callback                 --> github.com/shuklarituparn/Conversion-Microservice/internal/handlers.Callback (4 handlers)
[GIN-debug] GET    /dashboard                --> github.com/shuklarituparn/Conversion-Microservice/internal/handlers.Dashboard (5 handlers)
[GIN-debug] GET    /convert                  --> github.com/shuklarituparn/Conversion-Microservice/internal/handlers.Convert (5 handlers)
[GIN-debug] POST   /convert                  --> github.com/shuklarituparn/Conversion-Microservice/internal/handlers.ConvertUpload (5 handlers)
[GIN-debug] GET    /cut                      --> github.com/shuklarituparn/Conversion-Microservice/internal/handlers.Cut (5 handlers)
[GIN-debug] POST   /cut_edit                 --> github.com/shuklarituparn/Conversion-Microservice/internal/handlers.CutEditPage (5 handlers)
[GIN-debug] GET    /watermark                --> github.com/shuklarituparn/Conversion-Microservice/internal/handlers.Watermark (5 handlers)
[GIN-debug] GET    /screenshot               --> github.com/shuklarituparn/Conversion-Microservice/internal/handlers.Screenshot (5 handlers)
[GIN-debug] GET    /profile                  --> github.com/shuklarituparn/Conversion-Microservice/internal/handlers.Profile (5 handlers)
[GIN-debug] GET    /profile/email            --> github.com/shuklarituparn/Conversion-Microservice/internal/handlers.EmailHandler (5 handlers)
[GIN-debug] POST   /profile/email            --> github.com/shuklarituparn/Conversion-Microservice/internal/handlers.EmailUpdateHandler (5 handlers)
[GIN-debug] GET    /profile/files            --> github.com/shuklarituparn/Conversion-Microservice/internal/handlers.FileHistory (5 handlers)
[GIN-debug] GET    /deleteConf               --> github.com/shuklarituparn/Conversion-Microservice/internal/handlers.AccountDeleteConf (5 handlers)
[GIN-debug] GET    /signout                  --> github.com/shuklarituparn/Conversion-Microservice/internal/handlers.Signout (5 handlers)
[GIN-debug] [WARNING] You trusted all proxies, this is NOT safe. We recommend you to set a value.
Please check https://pkg.go.dev/github.com/gin-gonic/gin#readme-don-t-trust-all-proxies for details.
[GIN-debug] Listening and serving HTTP on :8085
[GIN] 2024/02/14 - 14:27:19 | 302 |     141.136µs | 188.166.148.127 | GET      "/login"
[GIN] 2024/02/14 - 14:27:27 | 302 |  710.553668ms | 188.166.148.127 | GET      "/callback?code=a4a0eb791b374534e0&state=51231c66-7412-4f3f-8ee9-8896bc45b2d3"
[GIN] 2024/02/14 - 14:27:28 | 200 |   14.481241ms | 188.166.148.127 | GET      "/dashboard"
[GIN] 2024/02/14 - 14:27:32 | 200 |    6.273469ms | 188.166.148.127 | GET      "/convert"
[GIN] 2024/02/14 - 14:28:19 | 200 |  3.615726723s | 188.166.148.127 | POST     "/convert"
[GIN] 2024/02/14 - 14:28:20 | 200 |    5.685322ms | 188.166.148.127 | GET      "/static/assets/ok-persik.webp"
[GIN] 2024/02/14 - 14:28:25 | 200 |    4.785295ms | 188.166.148.127 | GET      "/convert"
[GIN] 2024/02/14 - 14:28:56 | 200 |    7.770096ms |             ::1 | GET      "/"
[GIN] 2024/02/14 - 14:28:56 | 200 |     593.119µs |             ::1 | GET      "/static/css/output.css"
[GIN] 2024/02/14 - 14:28:56 | 200 |     557.112µs |             ::1 | GET      "/static/images/vk.png"
[GIN] 2024/02/14 - 14:28:56 | 200 |    3.292682ms |             ::1 | GET      "/static/images/background.png"
[GIN] 2024/02/14 - 14:28:56 | 200 |      872.18µs |             ::1 | GET      "/static/fonts/font.ttf"
[GIN] 2024/02/14 - 14:29:50 | 200 |  2.995745198s | 188.166.148.127 | POST     "/convert"
[GIN] 2024/02/14 - 14:29:50 | 200 |  1.053878061s | 188.166.148.127 | POST     "/convert"
[GIN] 2024/02/14 - 14:29:53 | 200 |    5.080297ms | 188.166.148.127 | GET      "/convert"
[GIN] 2024/02/14 - 14:32:42 | 200 |    9.488731ms |             ::1 | GET      "/"
