[GIN-debug] [WARNING] Creating an Engine instance with the Logger and Recovery middleware already attached.

[GIN-debug] [WARNING] Running in "debug" mode. Switch to "release" mode in production.
 - using env:	export GIN_MODE=release
 - using code:	gin.SetMode(gin.ReleaseMode)

[GIN-debug] Loaded HTML Templates (26): 
	- cut.html
	- email.html
	- email_confirm.html
	- screenshot_edit.html
	- watermark_success.html
	- delete_conf.html
	- file_history.html
	- login.html
	- restore.html
	- 
	- 404.html
	- convert_success.html
	- dashboard.html
	- email_redirect.html
	- error.html
	- restored.html
	- screenshot_success.html
	- verification_mail.html
	- signout.html
	- watermark.html
	- convert.html
	- cut_edit.html
	- cut_success.html
	- goodbye.html
	- profile.html
	- screenshot.html

[GIN-debug] GET    /static/*filepath         --> github.com/gin-gonic/gin.(*RouterGroup).createStaticHandler.func1 (4 handlers)
[GIN-debug] HEAD   /static/*filepath         --> github.com/gin-gonic/gin.(*RouterGroup).createStaticHandler.func1 (4 handlers)
[GIN-debug] GET    /uploads/*filepath        --> github.com/gin-gonic/gin.(*RouterGroup).createStaticHandler.func1 (4 handlers)
[GIN-debug] HEAD   /uploads/*filepath        --> github.com/gin-gonic/gin.(*RouterGroup).createStaticHandler.func1 (4 handlers)
[GIN-debug] GET    /metrics                  --> main.main.WrapH.func9 (4 handlers)
[GIN-debug] GET    /                         --> github.com/shuklarituparn/Conversion-Microservice/internal/handlers.WelcomeHandler (4 handlers)
[GIN-debug] GET    /login                    --> github.com/shuklarituparn/Conversion-Microservice/internal/handlers.Login (4 handlers)
[GIN-debug] GET    /callback                 --> github.com/shuklarituparn/Conversion-Microservice/internal/handlers.Callback (4 handlers)
[GIN-debug] GET    /dashboard                --> github.com/shuklarituparn/Conversion-Microservice/internal/handlers.Dashboard (5 handlers)
[GIN-debug] GET    /convert                  --> github.com/shuklarituparn/Conversion-Microservice/internal/handlers.Convert (5 handlers)
[GIN-debug] POST   /convert                  --> github.com/shuklarituparn/Conversion-Microservice/internal/handlers.ConvertUpload (5 handlers)
[GIN-debug] GET    /cut                      --> github.com/shuklarituparn/Conversion-Microservice/internal/handlers.Cut (5 handlers)
[GIN-debug] POST   /cut_edit                 --> github.com/shuklarituparn/Conversion-Microservice/internal/handlers.CutEditPage (5 handlers)
[GIN-debug] POST   /cut                      --> github.com/shuklarituparn/Conversion-Microservice/internal/handlers.CutEditResult (5 handlers)
[GIN-debug] GET    /watermark                --> github.com/shuklarituparn/Conversion-Microservice/internal/handlers.Watermark (5 handlers)
[GIN-debug] GET    /screenshot               --> github.com/shuklarituparn/Conversion-Microservice/internal/handlers.Screenshot (5 handlers)
[GIN-debug] GET    /profile                  --> github.com/shuklarituparn/Conversion-Microservice/internal/handlers.Profile (5 handlers)
[GIN-debug] GET    /profile/email            --> github.com/shuklarituparn/Conversion-Microservice/internal/handlers.EmailHandler (5 handlers)
[GIN-debug] POST   /profile/email            --> github.com/shuklarituparn/Conversion-Microservice/internal/handlers.EmailUpdateHandler (5 handlers)
[GIN-debug] GET    /profile/files            --> github.com/shuklarituparn/Conversion-Microservice/internal/handlers.FileHistory (5 handlers)
[GIN-debug] GET    /profile/delete           --> github.com/shuklarituparn/Conversion-Microservice/internal/handlers.AccountDeleteConf (5 handlers)
[GIN-debug] POST   /profile/delete           --> github.com/shuklarituparn/Conversion-Microservice/internal/handlers.AccountDelete (5 handlers)
[GIN-debug] GET    /profile/restore          --> github.com/shuklarituparn/Conversion-Microservice/internal/handlers.Restore (5 handlers)
[GIN-debug] POST   /verify_mail              --> github.com/shuklarituparn/Conversion-Microservice/internal/handlers.EmailConfirm (5 handlers)
[GIN-debug] GET    /profile/download         --> github.com/shuklarituparn/Conversion-Microservice/internal/handlers.Download (5 handlers)
[GIN-debug] GET    /verify_mail              --> github.com/shuklarituparn/Conversion-Microservice/internal/handlers.VerificationEmail (5 handlers)
[GIN-debug] GET    /signout                  --> github.com/shuklarituparn/Conversion-Microservice/internal/handlers.Signout (5 handlers)
[GIN-debug] [WARNING] You trusted all proxies, this is NOT safe. We recommend you to set a value.
Please check https://pkg.go.dev/github.com/gin-gonic/gin#readme-don-t-trust-all-proxies for details.
[GIN-debug] Listening and serving HTTP on :8085
[GIN] 2024/02/25 - 23:22:46 | 302 |     171.614µs |   45.76.136.249 | GET      "/login"
[GIN] 2024/02/25 - 23:22:49 | 302 |  221.649979ms |   45.76.136.249 | GET      "/callback?code=2cd4d9b7c795958cd7&state=fc35f1e4-4bd6-4c1a-920a-b3f7831375a5"
[GIN] 2024/02/25 - 23:22:49 | 200 |     1.86203ms |   45.76.136.249 | GET      "/dashboard"
[GIN] 2024/02/25 - 23:22:50 | 200 |    4.195247ms |   45.76.136.249 | GET      "/static/css/output.css"
[GIN] 2024/02/25 - 23:22:50 | 304 |     336.194µs |   45.76.136.249 | GET      "/static/assets/VK.svg"
[GIN] 2024/02/25 - 23:22:50 | 200 |    1.245437ms |   45.76.136.249 | GET      "/static/images/background.png"
[GIN] 2024/02/25 - 23:22:50 | 304 |      122.28µs |   45.76.136.249 | GET      "/static/assets/video-player.png"
[GIN] 2024/02/25 - 23:22:50 | 200 |      307.65µs |   45.76.136.249 | GET      "/static/fonts/font.ttf"
[GIN] 2024/02/25 - 23:22:52 | 200 |    2.390867ms |   45.76.136.249 | GET      "/convert"
[GIN] 2024/02/25 - 23:23:09 | 200 |  7.757946934s |   45.76.136.249 | POST     "/convert"
[GIN] 2024/02/25 - 23:23:09 | 200 |    2.019316ms |   45.76.136.249 | GET      "/static/assets/ok-persik.webp"
[GIN] 2024/02/25 - 23:23:12 | 200 |    2.060895ms |   45.76.136.249 | GET      "/convert"
