[GIN-debug] [WARNING] Creating an Engine instance with the Logger and Recovery middleware already attached.

[GIN-debug] [WARNING] Running in "debug" mode. Switch to "release" mode in production.
 - using env:	export GIN_MODE=release
 - using code:	gin.SetMode(gin.ReleaseMode)

[GIN-debug] Loaded HTML Templates (19): 
	- convert.html
	- convert_success.html
	- delete_conf.html
	- watermark_success.html
	- 404.html
	- cut_success.html
	- dashboard.html
	- file_history.html
	- login.html
	- profile.html
	- 
	- cut.html
	- email.html
	- screenshot.html
	- screenshot_edit.html
	- screenshot_success.html
	- watermark.html
	- cut_edit.html
	- signout.html

[GIN-debug] GET    /static/*filepath         --> github.com/gin-gonic/gin.(*RouterGroup).createStaticHandler.func1 (4 handlers)
[GIN-debug] HEAD   /static/*filepath         --> github.com/gin-gonic/gin.(*RouterGroup).createStaticHandler.func1 (4 handlers)
[GIN-debug] GET    /metrics                  --> main.main.WrapH.func4 (4 handlers)
[GIN-debug] GET    /                         --> github.com/shuklarituparn/Conversion-Microservice/internal/handlers.WelcomeHandler (4 handlers)
[GIN-debug] GET    /login                    --> github.com/shuklarituparn/Conversion-Microservice/internal/handlers.Login (4 handlers)
[GIN-debug] GET    /callback                 --> github.com/shuklarituparn/Conversion-Microservice/internal/handlers.Callback (4 handlers)
[GIN-debug] GET    /dashboard                --> github.com/shuklarituparn/Conversion-Microservice/internal/handlers.Dashboard (5 handlers)
[GIN-debug] GET    /convert                  --> github.com/shuklarituparn/Conversion-Microservice/internal/handlers.Convert (5 handlers)
[GIN-debug] POST   /convert                  --> github.com/shuklarituparn/Conversion-Microservice/internal/handlers.ConvertUpload (5 handlers)
[GIN-debug] GET    /cut                      --> github.com/shuklarituparn/Conversion-Microservice/internal/handlers.Cut (5 handlers)
[GIN-debug] GET    /watermark                --> github.com/shuklarituparn/Conversion-Microservice/internal/handlers.Watermark (5 handlers)
[GIN-debug] GET    /screenshot               --> github.com/shuklarituparn/Conversion-Microservice/internal/handlers.Screenshot (5 handlers)
[GIN-debug] GET    /profile                  --> github.com/shuklarituparn/Conversion-Microservice/internal/handlers.Profile (5 handlers)
[GIN-debug] GET    /deleteConf               --> github.com/shuklarituparn/Conversion-Microservice/internal/handlers.AccountDeleteConf (5 handlers)
[GIN-debug] GET    /profile/email            --> github.com/shuklarituparn/Conversion-Microservice/internal/handlers.EmailHandler (5 handlers)
[GIN-debug] GET    /profile/files            --> github.com/shuklarituparn/Conversion-Microservice/internal/handlers.FileHistory (5 handlers)
[GIN-debug] GET    /signout                  --> github.com/shuklarituparn/Conversion-Microservice/internal/handlers.Signout (5 handlers)
[GIN-debug] [WARNING] You trusted all proxies, this is NOT safe. We recommend you to set a value.
Please check https://pkg.go.dev/github.com/gin-gonic/gin#readme-don-t-trust-all-proxies for details.
[GIN-debug] Listening and serving HTTP on :8085
[GIN] 2024/02/12 - 12:58:30 | 302 |    1.347062ms |  89.113.147.165 | GET      "/profile/email"
Error #01: write tcp 127.0.0.1:8085->127.0.0.1:42790: write: broken pipe
[GIN] 2024/02/12 - 12:58:30 | 200 |    1.369822ms |  89.113.147.165 | GET      "/dashboard"
[GIN] 2024/02/12 - 12:58:34 | 200 |    1.895678ms |  89.113.147.165 | GET      "/profile"
[GIN] 2024/02/12 - 12:58:37 | 302 |    1.116845ms |  89.113.147.165 | GET      "/profile/email"
[GIN] 2024/02/12 - 12:58:37 | 200 |    3.231252ms |  89.113.147.165 | GET      "/static/assets/persik2.webp"
[GIN] 2024/02/12 - 12:58:52 | 200 |     2.16847ms |  89.113.147.165 | GET      "/profile"
[GIN] 2024/02/12 - 12:58:57 | 302 |     806.468µs |  89.113.147.165 | GET      "/profile/files"
Error #01: html/template: "filehistory.html" is undefined
[GIN] 2024/02/12 - 12:59:02 | 302 |     770.589µs |  89.113.147.165 | GET      "/profile/files"
Error #01: html/template: "filehistory.html" is undefined
