[GIN-debug] [WARNING] Creating an Engine instance with the Logger and Recovery middleware already attached.

[GIN-debug] [WARNING] Running in "debug" mode. Switch to "release" mode in production.
 - using env:	export GIN_MODE=release
 - using code:	gin.SetMode(gin.ReleaseMode)

[GIN-debug] Loaded HTML Templates (26): 
	- email_confirm.html
	- error.html
	- profile.html
	- signout.html
	- file_history.html
	- screenshot.html
	- watermark_success.html
	- 404.html
	- convert_success.html
	- delete_conf.html
	- goodbye.html
	- restore.html
	- convert.html
	- cut.html
	- screenshot_success.html
	- 
	- email.html
	- restored.html
	- login.html
	- dashboard.html
	- cut_edit.html
	- cut_success.html
	- email_redirect.html
	- screenshot_edit.html
	- verification_mail.html
	- watermark.html

[GIN-debug] GET    /static/*filepath         --> github.com/gin-gonic/gin.(*RouterGroup).createStaticHandler.func1 (4 handlers)
[GIN-debug] HEAD   /static/*filepath         --> github.com/gin-gonic/gin.(*RouterGroup).createStaticHandler.func1 (4 handlers)
[GIN-debug] GET    /uploads/*filepath        --> github.com/gin-gonic/gin.(*RouterGroup).createStaticHandler.func1 (4 handlers)
[GIN-debug] HEAD   /uploads/*filepath        --> github.com/gin-gonic/gin.(*RouterGroup).createStaticHandler.func1 (4 handlers)
[GIN-debug] GET    /metrics                  --> main.main.WrapH.func6 (4 handlers)
[GIN-debug] GET    /                         --> github.com/shuklarituparn/Conversion-Microservice/internal/handlers.WelcomeHandler (4 handlers)
[GIN-debug] GET    /login                    --> github.com/shuklarituparn/Conversion-Microservice/internal/handlers.Login (4 handlers)
[GIN-debug] GET    /callback                 --> github.com/shuklarituparn/Conversion-Microservice/internal/handlers.Callback (4 handlers)
[GIN-debug] GET    /dashboard                --> github.com/shuklarituparn/Conversion-Microservice/internal/handlers.Dashboard (5 handlers)
[GIN-debug] GET    /convert                  --> github.com/shuklarituparn/Conversion-Microservice/internal/handlers.Convert (5 handlers)
[GIN-debug] POST   /convert                  --> github.com/shuklarituparn/Conversion-Microservice/internal/handlers.ConvertUpload (5 handlers)
[GIN-debug] GET    /cut                      --> github.com/shuklarituparn/Conversion-Microservice/internal/handlers.Cut (5 handlers)
[GIN-debug] GET    /cut_edit                 --> github.com/shuklarituparn/Conversion-Microservice/internal/handlers.CutEditPage (5 handlers)
[GIN-debug] POST   /cut_edit                 --> github.com/shuklarituparn/Conversion-Microservice/internal/handlers.CutEditResult (5 handlers)
[GIN-debug] GET    /watermark                --> github.com/shuklarituparn/Conversion-Microservice/internal/handlers.Watermark (5 handlers)
[GIN-debug] GET    /screenshot               --> github.com/shuklarituparn/Conversion-Microservice/internal/handlers.Screenshot (5 handlers)
[GIN-debug] GET    /profile                  --> github.com/shuklarituparn/Conversion-Microservice/internal/handlers.Profile (5 handlers)
[GIN-debug] GET    /profile/email            --> github.com/shuklarituparn/Conversion-Microservice/internal/handlers.EmailHandler (5 handlers)
[GIN-debug] POST   /profile/email            --> github.com/shuklarituparn/Conversion-Microservice/internal/handlers.EmailUpdateHandler (5 handlers)
[GIN-debug] GET    /profile/files            --> github.com/shuklarituparn/Conversion-Microservice/internal/handlers.FileHistory (5 handlers)
[GIN-debug] GET    /profile/delete           --> github.com/shuklarituparn/Conversion-Microservice/internal/handlers.AccountDeleteConf (5 handlers)
[GIN-debug] POST   /profile/delete           --> github.com/shuklarituparn/Conversion-Microservice/internal/handlers.AccountDelete (5 handlers)
[GIN-debug] GET    /profile/restore          --> github.com/shuklarituparn/Conversion-Microservice/internal/handlers.Restore (5 handlers)
[GIN-debug] POST   /verify_mail              --> github.com/shuklarituparn/Conversion-Microservice/internal/handlers.EmailConfirm (5 handlers)
[GIN-debug] GET    /verify_mail              --> github.com/shuklarituparn/Conversion-Microservice/internal/handlers.VerificationEmail (5 handlers)
[GIN-debug] GET    /signout                  --> github.com/shuklarituparn/Conversion-Microservice/internal/handlers.Signout (5 handlers)
[GIN-debug] [WARNING] You trusted all proxies, this is NOT safe. We recommend you to set a value.
Please check https://pkg.go.dev/github.com/gin-gonic/gin#readme-don-t-trust-all-proxies for details.
[GIN-debug] Listening and serving HTTP on :8085
[GIN] 2024/02/21 - 16:21:39 | 200 |    2.480534ms |  108.61.174.211 | GET      "/convert"
[GIN] 2024/02/21 - 16:22:00 | 200 | 14.576093961s |  108.61.174.211 | POST     "/convert"
[GIN] 2024/02/21 - 16:22:03 | 302 |    2.996161ms |  108.61.174.211 | GET      "/cut_edit"
[GIN] 2024/02/21 - 16:22:03 | 206 |    5.190693ms |  108.61.174.211 | GET      "/uploads/Ритупарн_IMG_1876_MP4.mp4"
[GIN] 2024/02/21 - 16:22:06 | 206 |     349.253µs |  108.61.174.211 | GET      "/uploads/Ритупарн_IMG_1876_MP4.mp4"
[GIN] 2024/02/21 - 16:22:20 | 206 |    3.908893ms |  108.61.174.211 | GET      "/uploads/Ритупарн_IMG_1876_MP4.mp4"
[GIN] 2024/02/21 - 16:22:39 | 206 |    2.139557ms |  108.61.174.211 | GET      "/uploads/Ритупарн_IMG_1876_MP4.mp4"
