[GIN-debug] [WARNING] Creating an Engine instance with the Logger and Recovery middleware already attached.

[GIN-debug] [WARNING] Running in "debug" mode. Switch to "release" mode in production.
 - using env:	export GIN_MODE=release
 - using code:	gin.SetMode(gin.ReleaseMode)

[GIN-debug] Loaded HTML Templates (26): 
	- convert.html
	- cut_success.html
	- email_confirm.html
	- screenshot.html
	- screenshot_edit.html
	- login.html
	- restored.html
	- convert_success.html
	- cut.html
	- dashboard.html
	- error.html
	- file_history.html
	- 
	- 404.html
	- restore.html
	- screenshot_success.html
	- delete_conf.html
	- signout.html
	- email.html
	- verification_mail.html
	- watermark.html
	- goodbye.html
	- cut_edit.html
	- email_redirect.html
	- profile.html
	- watermark_success.html

[GIN-debug] GET    /static/*filepath         --> github.com/gin-gonic/gin.(*RouterGroup).createStaticHandler.func1 (4 handlers)
[GIN-debug] HEAD   /static/*filepath         --> github.com/gin-gonic/gin.(*RouterGroup).createStaticHandler.func1 (4 handlers)
[GIN-debug] GET    /metrics                  --> main.main.WrapH.func5 (4 handlers)
[GIN-debug] GET    /                         --> github.com/shuklarituparn/Conversion-Microservice/internal/handlers.WelcomeHandler (4 handlers)
[GIN-debug] GET    /login                    --> github.com/shuklarituparn/Conversion-Microservice/internal/handlers.Login (4 handlers)
[GIN-debug] GET    /callback                 --> github.com/shuklarituparn/Conversion-Microservice/internal/handlers.Callback (4 handlers)
[GIN-debug] GET    /dashboard                --> github.com/shuklarituparn/Conversion-Microservice/internal/handlers.Dashboard (5 handlers)
[GIN-debug] GET    /convert                  --> github.com/shuklarituparn/Conversion-Microservice/internal/handlers.Convert (5 handlers)
[GIN-debug] POST   /convert                  --> github.com/shuklarituparn/Conversion-Microservice/internal/handlers.ConvertUpload (5 handlers)
[GIN-debug] GET    /cut                      --> github.com/shuklarituparn/Conversion-Microservice/internal/handlers.Cut (5 handlers)
[GIN-debug] POST   /cut_edit                 --> github.com/shuklarituparn/Conversion-Microservice/internal/handlers.CutEditPage (5 handlers)
[GIN-debug] GET    /watermark                --> github.com/shuklarituparn/Conversion-Microservice/internal/handlers.Watermark (5 handlers)
[GIN-debug] GET    /screenshot               --> github.com/shuklarituparn/Conversion-Microservice/internal/handlers.Screenshot (5 handlers)
[GIN-debug] GET    /profile                  --> github.com/shuklarituparn/Conversion-Microservice/internal/handlers.Profile (5 handlers)
[GIN-debug] GET    /profile/email            --> github.com/shuklarituparn/Conversion-Microservice/internal/handlers.EmailHandler (5 handlers)
[GIN-debug] POST   /profile/email            --> github.com/shuklarituparn/Conversion-Microservice/internal/handlers.EmailUpdateHandler (5 handlers)
[GIN-debug] GET    /profile/files            --> github.com/shuklarituparn/Conversion-Microservice/internal/handlers.FileHistory (5 handlers)
[GIN-debug] GET    /profile/delete           --> github.com/shuklarituparn/Conversion-Microservice/internal/handlers.AccountDeleteConf (5 handlers)
[GIN-debug] POST   /profile/delete           --> github.com/shuklarituparn/Conversion-Microservice/internal/handlers.AccountDelete (5 handlers)
[GIN-debug] GET    /profile/restore          --> github.com/shuklarituparn/Conversion-Microservice/internal/handlers.Restore (5 handlers)
[GIN-debug] POST   /verify_mail              --> github.com/shuklarituparn/Conversion-Microservice/internal/handlers.EmailConfirm (5 handlers)
[GIN-debug] GET    /verify_mail              --> github.com/shuklarituparn/Conversion-Microservice/internal/handlers.VerificationEmail (5 handlers)
[GIN-debug] GET    /signout                  --> github.com/shuklarituparn/Conversion-Microservice/internal/handlers.Signout (5 handlers)
[GIN-debug] [WARNING] You trusted all proxies, this is NOT safe. We recommend you to set a value.
Please check https://pkg.go.dev/github.com/gin-gonic/gin#readme-don-t-trust-all-proxies for details.
[GIN-debug] Listening and serving HTTP on :8085
[GIN] 2024/02/18 - 17:27:42 | 200 |    1.534735ms |  108.61.173.108 | GET      "/signout"
[GIN] 2024/02/18 - 17:27:45 | 200 |    1.330292ms |  108.61.173.108 | GET      "/"
[GIN] 2024/02/18 - 17:27:46 | 302 |       88.53µs |  108.61.173.108 | GET      "/login"
[GIN] 2024/02/18 - 17:27:49 | 302 |   254.27375ms |  108.61.173.108 | GET      "/callback?code=91e1eb0dabe6524142&state=086c2a0a-1179-4ad0-81a1-dba95b07cb0f"
[GIN] 2024/02/18 - 17:27:50 | 302 |    2.425424ms |  108.61.173.108 | GET      "/profile/restore"
[GIN] 2024/02/18 - 17:27:51 | 400 |    2.810872ms |  108.61.173.108 | POST     "/profile/delete?code="
[GIN] 2024/02/18 - 17:27:51 | 200 |    5.554496ms |  108.61.173.108 | GET      "/static/assets/diggy_judging.webp"
[GIN] 2024/02/18 - 17:28:19 | 302 |     305.426µs |  108.61.173.108 | GET      "/"
[GIN] 2024/02/18 - 17:28:20 | 200 |    6.468191ms |  108.61.173.108 | GET      "/dashboard"
[GIN] 2024/02/18 - 17:28:24 | 200 |     6.11351ms |  108.61.173.108 | GET      "/profile"
[GIN] 2024/02/18 - 17:28:26 | 302 |    1.331242ms |  108.61.173.108 | GET      "/profile/delete"
[GIN] 2024/02/18 - 17:28:26 | 200 |     2.12304ms |  108.61.173.108 | GET      "/static/assets/persik_scared.webp"
[GIN] 2024/02/18 - 17:28:27 | 500 |    1.071915ms |  108.61.173.108 | POST     "/profile/delete?userID=625608093"
[GIN] 2024/02/18 - 17:28:28 | 404 |    1.798958ms |  108.61.173.108 | GET      "/favicon.ico"
