[GIN-debug] [WARNING] Creating an Engine instance with the Logger and Recovery middleware already attached.

[GIN-debug] [WARNING] Running in "debug" mode. Switch to "release" mode in production.
 - using env:	export GIN_MODE=release
 - using code:	gin.SetMode(gin.ReleaseMode)

[GIN-debug] Loaded HTML Templates (23): 
	- error.html
	- login.html
	- profile.html
	- screenshot_edit.html
	- screenshot_success.html
	- verification_mail.html
	- email_confirm.html
	- email_redirect.html
	- cut_edit.html
	- file_history.html
	- signout.html
	- 404.html
	- convert.html
	- dashboard.html
	- convert_success.html
	- cut_success.html
	- delete_conf.html
	- email.html
	- screenshot.html
	- watermark.html
	- watermark_success.html
	- 
	- cut.html

[GIN-debug] GET    /static/*filepath         --> github.com/gin-gonic/gin.(*RouterGroup).createStaticHandler.func1 (4 handlers)
[GIN-debug] HEAD   /static/*filepath         --> github.com/gin-gonic/gin.(*RouterGroup).createStaticHandler.func1 (4 handlers)
[GIN-debug] GET    /metrics                  --> main.main.WrapH.func5 (4 handlers)
[GIN-debug] GET    /                         --> github.com/shuklarituparn/Conversion-Microservice/internal/handlers.WelcomeHandler (4 handlers)
[GIN-debug] GET    /login                    --> github.com/shuklarituparn/Conversion-Microservice/internal/handlers.Login (4 handlers)
[GIN-debug] GET    /callback                 --> github.com/shuklarituparn/Conversion-Microservice/internal/handlers.Callback (4 handlers)
[GIN-debug] GET    /dashboard                --> github.com/shuklarituparn/Conversion-Microservice/internal/handlers.Dashboard (5 handlers)
[GIN-debug] GET    /convert                  --> github.com/shuklarituparn/Conversion-Microservice/internal/handlers.Convert (5 handlers)
[GIN-debug] POST   /convert                  --> github.com/shuklarituparn/Conversion-Microservice/internal/handlers.ConvertUpload (5 handlers)
[GIN-debug] GET    /cut                      --> github.com/shuklarituparn/Conversion-Microservice/internal/handlers.Cut (5 handlers)
[GIN-debug] POST   /cut_edit                 --> github.com/shuklarituparn/Conversion-Microservice/internal/handlers.CutEditPage (5 handlers)
[GIN-debug] GET    /watermark                --> github.com/shuklarituparn/Conversion-Microservice/internal/handlers.Watermark (5 handlers)
[GIN-debug] GET    /screenshot               --> github.com/shuklarituparn/Conversion-Microservice/internal/handlers.Screenshot (5 handlers)
[GIN-debug] GET    /profile                  --> github.com/shuklarituparn/Conversion-Microservice/internal/handlers.Profile (5 handlers)
[GIN-debug] GET    /profile/email            --> github.com/shuklarituparn/Conversion-Microservice/internal/handlers.EmailHandler (5 handlers)
[GIN-debug] POST   /profile/email            --> github.com/shuklarituparn/Conversion-Microservice/internal/handlers.EmailUpdateHandler (5 handlers)
[GIN-debug] GET    /profile/files            --> github.com/shuklarituparn/Conversion-Microservice/internal/handlers.FileHistory (5 handlers)
[GIN-debug] POST   /verify_mail              --> github.com/shuklarituparn/Conversion-Microservice/internal/handlers.EmailConfirm (5 handlers)
[GIN-debug] GET    /verify_mail              --> github.com/shuklarituparn/Conversion-Microservice/internal/handlers.VerificationEmail (5 handlers)
[GIN-debug] GET    /deleteConf               --> github.com/shuklarituparn/Conversion-Microservice/internal/handlers.AccountDeleteConf (5 handlers)
[GIN-debug] GET    /signout                  --> github.com/shuklarituparn/Conversion-Microservice/internal/handlers.Signout (5 handlers)
[GIN-debug] [WARNING] You trusted all proxies, this is NOT safe. We recommend you to set a value.
Please check https://pkg.go.dev/github.com/gin-gonic/gin#readme-don-t-trust-all-proxies for details.
[GIN-debug] Listening and serving HTTP on :8085
[GIN] 2024/02/16 - 20:52:27 | 302 |     383.466µs |  89.113.157.131 | GET      "/login"
[GIN] 2024/02/16 - 20:52:29 | 302 |     158.215µs |  78.141.228.123 | GET      "/login"
[GIN] 2024/02/16 - 20:52:34 | 302 |    898.9527ms |  78.141.228.123 | GET      "/callback?code=2a8e9c243e978c447a&state=fd117ae2-c2ad-4193-9b3b-b2762cbbf9e5"
[GIN] 2024/02/16 - 20:52:34 | 200 |    4.628944ms |  78.141.228.123 | GET      "/dashboard"
[GIN] 2024/02/16 - 20:52:56 | 200 |    6.000246ms |  78.141.228.123 | GET      "/convert"
[GIN] 2024/02/16 - 20:53:00 | 200 |    1.357244ms |  78.141.228.123 | GET      "/profile"
[GIN] 2024/02/16 - 20:53:02 | 302 |    2.657223ms |  78.141.228.123 | GET      "/profile/email"
[GIN] 2024/02/16 - 20:53:08 | 302 |    1.042757ms |  78.141.228.123 | POST     "/verify_mail"
[GIN] 2024/02/16 - 20:53:08 | 304 |     175.397µs |  78.141.228.123 | GET      "/static/assets/persik_cute.webp"
[GIN] 2024/02/16 - 20:53:10 | 302 |  221.945306ms |  78.141.228.123 | POST     "/profile/email"
[GIN] 2024/02/16 - 20:53:11 | 302 |    1.449837ms |  78.141.228.123 | GET      "/profile/email"
