[GIN-debug] [WARNING] Creating an Engine instance with the Logger and Recovery middleware already attached.

[GIN-debug] [WARNING] Running in "debug" mode. Switch to "release" mode in production.
 - using env:	export GIN_MODE=release
 - using code:	gin.SetMode(gin.ReleaseMode)

[GIN-debug] Loaded HTML Templates (26): 
	- dashboard.html
	- delete_conf.html
	- convert.html
	- watermark.html
	- convert_success.html
	- login.html
	- restored.html
	- goodbye.html
	- screenshot_edit.html
	- screenshot_success.html
	- verification_mail.html
	- watermark_success.html
	- file_history.html
	- email_confirm.html
	- profile.html
	- restore.html
	- 
	- error.html
	- signout.html
	- cut.html
	- email_redirect.html
	- screenshot.html
	- email.html
	- cut_edit.html
	- cut_success.html
	- 404.html

[GIN-debug] GET    /static/*filepath         --> github.com/gin-gonic/gin.(*RouterGroup).createStaticHandler.func1 (4 handlers)
[GIN-debug] HEAD   /static/*filepath         --> github.com/gin-gonic/gin.(*RouterGroup).createStaticHandler.func1 (4 handlers)
[GIN-debug] GET    /metrics                  --> main.main.WrapH.func5 (4 handlers)
[GIN-debug] GET    /                         --> github.com/shuklarituparn/Conversion-Microservice/internal/handlers.WelcomeHandler (4 handlers)
[GIN-debug] GET    /login                    --> github.com/shuklarituparn/Conversion-Microservice/internal/handlers.Login (4 handlers)
[GIN-debug] GET    /callback                 --> github.com/shuklarituparn/Conversion-Microservice/internal/handlers.Callback (4 handlers)
[GIN-debug] GET    /dashboard                --> github.com/shuklarituparn/Conversion-Microservice/internal/handlers.Dashboard (5 handlers)
[GIN-debug] GET    /convert                  --> github.com/shuklarituparn/Conversion-Microservice/internal/handlers.Convert (5 handlers)
[GIN-debug] POST   /convert                  --> github.com/shuklarituparn/Conversion-Microservice/internal/handlers.ConvertUpload (5 handlers)
[GIN-debug] GET    /cut                      --> github.com/shuklarituparn/Conversion-Microservice/internal/handlers.Cut (5 handlers)
[GIN-debug] POST   /cut_edit                 --> github.com/shuklarituparn/Conversion-Microservice/internal/handlers.CutEditPage (5 handlers)
[GIN-debug] GET    /watermark                --> github.com/shuklarituparn/Conversion-Microservice/internal/handlers.Watermark (5 handlers)
[GIN-debug] GET    /screenshot               --> github.com/shuklarituparn/Conversion-Microservice/internal/handlers.Screenshot (5 handlers)
[GIN-debug] GET    /profile                  --> github.com/shuklarituparn/Conversion-Microservice/internal/handlers.Profile (5 handlers)
[GIN-debug] GET    /profile/email            --> github.com/shuklarituparn/Conversion-Microservice/internal/handlers.EmailHandler (5 handlers)
[GIN-debug] POST   /profile/email            --> github.com/shuklarituparn/Conversion-Microservice/internal/handlers.EmailUpdateHandler (5 handlers)
[GIN-debug] GET    /profile/files            --> github.com/shuklarituparn/Conversion-Microservice/internal/handlers.FileHistory (5 handlers)
[GIN-debug] GET    /profile/delete           --> github.com/shuklarituparn/Conversion-Microservice/internal/handlers.AccountDeleteConf (5 handlers)
[GIN-debug] POST   /profile/delete           --> github.com/shuklarituparn/Conversion-Microservice/internal/handlers.AccountDelete (5 handlers)
[GIN-debug] GET    /profile/restore          --> github.com/shuklarituparn/Conversion-Microservice/internal/handlers.Restore (5 handlers)
[GIN-debug] POST   /verify_mail              --> github.com/shuklarituparn/Conversion-Microservice/internal/handlers.EmailConfirm (5 handlers)
[GIN-debug] GET    /verify_mail              --> github.com/shuklarituparn/Conversion-Microservice/internal/handlers.VerificationEmail (5 handlers)
[GIN-debug] GET    /signout                  --> github.com/shuklarituparn/Conversion-Microservice/internal/handlers.Signout (5 handlers)
[GIN-debug] [WARNING] You trusted all proxies, this is NOT safe. We recommend you to set a value.
Please check https://pkg.go.dev/github.com/gin-gonic/gin#readme-don-t-trust-all-proxies for details.
[GIN-debug] Listening and serving HTTP on :8085
[GIN] 2024/02/18 - 17:26:47 | 200 |    2.484395ms |  108.61.173.108 | GET      "/signout"
[GIN] 2024/02/18 - 17:26:48 | 304 |     790.329µs |  108.61.173.108 | GET      "/static/css/output.css"
[GIN] 2024/02/18 - 17:26:48 | 200 |    6.614472ms |  108.61.173.108 | GET      "/static/images/background.png"
[GIN] 2024/02/18 - 17:26:53 | 200 |    2.354554ms |  108.61.173.108 | GET      "/"
[GIN] 2024/02/18 - 17:26:55 | 302 |     126.763µs |  108.61.173.108 | GET      "/login"
[GIN] 2024/02/18 - 17:27:01 | 302 |  259.919785ms |  108.61.173.108 | GET      "/callback?code=90b85c3f757ceec7ed&state=b7d0c8ea-a872-4176-bbae-4fba3a35f8bf"
[GIN] 2024/02/18 - 17:27:01 | 302 |     2.89418ms |  108.61.173.108 | GET      "/profile/restore"
[GIN] 2024/02/18 - 17:27:01 | 200 |    3.202683ms |  108.61.173.108 | GET      "/static/assets/lucy_confused.webp"
[GIN] 2024/02/18 - 17:27:03 | 404 |    4.342482ms |  108.61.173.108 | POST     "/profile/delete?code=https%3a%2f%2fsun1-27.userapi.com%2fs%2fv1%2fig2%2fVxWAeIvamkdVLyj0Y05aFrNDFpdp7PPYwGhtkbtgWfTvYjKJz9bEeh0UXDfbXIZA38HURNWFEbpkGjY8Fgjx7fKq.jpg%3fsize%3d400x400%26quality%3d95%26crop%3d600%2c184%2c1364%2c1364%26ava%3d1"
[GIN] 2024/02/18 - 17:27:03 | 200 |    2.482027ms |  108.61.173.108 | GET      "/static/assets/diggycrying.webp"
[GIN] 2024/02/18 - 17:27:10 | 200 |    1.419106ms |  108.61.173.108 | GET      "/dashboard"
