[GIN-debug] [WARNING] Creating an Engine instance with the Logger and Recovery middleware already attached.

[GIN-debug] [WARNING] Running in "debug" mode. Switch to "release" mode in production.
 - using env:	export GIN_MODE=release
 - using code:	gin.SetMode(gin.ReleaseMode)

[GIN-debug] Loaded HTML Templates (27): 
	- cut_success.html
	- restore.html
	- 
	- cut_edit.html
	- dashboard.html
	- download.html
	- screenshot_edit.html
	- cut.html
	- goodbye.html
	- screenshot.html
	- convert_success.html
	- error.html
	- verification_mail.html
	- watermark.html
	- restored.html
	- screenshot_success.html
	- email_confirm.html
	- login.html
	- convert.html
	- email.html
	- file_history.html
	- signout.html
	- delete_conf.html
	- profile.html
	- watermark_success.html
	- 404.html
	- email_redirect.html

[GIN-debug] GET    /static/*filepath         --> github.com/gin-gonic/gin.(*RouterGroup).createStaticHandler.func1 (4 handlers)
[GIN-debug] HEAD   /static/*filepath         --> github.com/gin-gonic/gin.(*RouterGroup).createStaticHandler.func1 (4 handlers)
[GIN-debug] GET    /uploads/*filepath        --> github.com/gin-gonic/gin.(*RouterGroup).createStaticHandler.func1 (4 handlers)
[GIN-debug] HEAD   /uploads/*filepath        --> github.com/gin-gonic/gin.(*RouterGroup).createStaticHandler.func1 (4 handlers)
[GIN-debug] GET    /metrics                  --> main.main.WrapH.func3 (4 handlers)
[GIN-debug] GET    /                         --> github.com/shuklarituparn/Conversion-Microservice/internal/handlers.WelcomeHandler (4 handlers)
[GIN-debug] GET    /login                    --> github.com/shuklarituparn/Conversion-Microservice/internal/handlers.Login (4 handlers)
[GIN-debug] GET    /callback                 --> github.com/shuklarituparn/Conversion-Microservice/internal/handlers.Callback (4 handlers)
[GIN-debug] GET    /dashboard                --> github.com/shuklarituparn/Conversion-Microservice/internal/handlers.Dashboard (5 handlers)
[GIN-debug] GET    /convert                  --> github.com/shuklarituparn/Conversion-Microservice/internal/handlers.Convert (5 handlers)
[GIN-debug] POST   /convert                  --> github.com/shuklarituparn/Conversion-Microservice/internal/handlers.ConvertUpload (5 handlers)
[GIN-debug] GET    /cut                      --> github.com/shuklarituparn/Conversion-Microservice/internal/handlers.Cut (5 handlers)
[GIN-debug] POST   /cut_edit                 --> github.com/shuklarituparn/Conversion-Microservice/internal/handlers.CutEditPage (5 handlers)
[GIN-debug] POST   /cut                      --> github.com/shuklarituparn/Conversion-Microservice/internal/handlers.CutEditResult (5 handlers)
[GIN-debug] GET    /watermark                --> github.com/shuklarituparn/Conversion-Microservice/internal/handlers.Watermark (5 handlers)
[GIN-debug] POST   /watermark                --> github.com/shuklarituparn/Conversion-Microservice/internal/handlers.WatermarkResult (5 handlers)
[GIN-debug] GET    /screenshot               --> github.com/shuklarituparn/Conversion-Microservice/internal/handlers.Screenshot (5 handlers)
[GIN-debug] POST   /screenshot_edit          --> github.com/shuklarituparn/Conversion-Microservice/internal/handlers.Screenshot_edit (5 handlers)
[GIN-debug] POST   /screenshot               --> github.com/shuklarituparn/Conversion-Microservice/internal/handlers.ScreenShotResult (5 handlers)
[GIN-debug] GET    /profile                  --> github.com/shuklarituparn/Conversion-Microservice/internal/handlers.Profile (5 handlers)
[GIN-debug] GET    /profile/email            --> github.com/shuklarituparn/Conversion-Microservice/internal/handlers.EmailHandler (5 handlers)
[GIN-debug] POST   /profile/email            --> github.com/shuklarituparn/Conversion-Microservice/internal/handlers.EmailUpdateHandler (5 handlers)
[GIN-debug] GET    /profile/files            --> github.com/shuklarituparn/Conversion-Microservice/internal/handlers.FileHistory (5 handlers)
[GIN-debug] GET    /profile/delete           --> github.com/shuklarituparn/Conversion-Microservice/internal/handlers.AccountDeleteConf (5 handlers)
[GIN-debug] POST   /profile/delete           --> github.com/shuklarituparn/Conversion-Microservice/internal/handlers.AccountDelete (5 handlers)
[GIN-debug] GET    /profile/restore          --> github.com/shuklarituparn/Conversion-Microservice/internal/handlers.Restore (5 handlers)
[GIN-debug] POST   /verify_mail              --> github.com/shuklarituparn/Conversion-Microservice/internal/handlers.EmailConfirm (5 handlers)
[GIN-debug] GET    /profile/download         --> github.com/shuklarituparn/Conversion-Microservice/internal/handlers.Download (5 handlers)
[GIN-debug] GET    /verify_mail              --> github.com/shuklarituparn/Conversion-Microservice/internal/handlers.VerificationEmail (5 handlers)
[GIN-debug] GET    /signout                  --> github.com/shuklarituparn/Conversion-Microservice/internal/handlers.Signout (5 handlers)
[GIN-debug] [WARNING] You trusted all proxies, this is NOT safe. We recommend you to set a value.
Please check https://pkg.go.dev/github.com/gin-gonic/gin#readme-don-t-trust-all-proxies for details.
[GIN-debug] Listening and serving HTTP on :8085
[GIN] 2024/02/26 - 23:37:48 | 200 |  5.029940821s | 209.250.229.144 | GET      "/profile/download?userid=625608093&fileid=65dcf61053516122347c93f7&mode=%D0%92%D1%8B%D1%80%D0%B5%D0%B7%D0%B0%D1%82%D1%8C"
[GIN] 2024/02/26 - 23:38:09 | 200 |    3.628336ms | 209.250.229.144 | GET      "/cut"
[GIN] 2024/02/26 - 23:38:41 | 302 | 21.493422141s | 209.250.229.144 | POST     "/cut_edit"
[GIN] 2024/02/26 - 23:38:41 | 206 |     2.35451ms | 209.250.229.144 | GET      "/uploads/Ритупарн_IMG_1876.MP4"
[GIN] 2024/02/26 - 23:38:42 | 206 |     395.783µs | 209.250.229.144 | GET      "/uploads/Ритупарн_IMG_1876.MP4"
[GIN] 2024/02/26 - 23:38:42 | 206 |    2.345365ms | 209.250.229.144 | GET      "/uploads/Ритупарн_IMG_1876.MP4"
[GIN] 2024/02/26 - 23:38:55 | 302 |     7.63927ms | 209.250.229.144 | POST     "/cut"
[GIN] 2024/02/26 - 23:38:58 | 404 |     1.28936ms | 209.250.229.144 | GET      "/cut_edit"
[GIN] 2024/02/26 - 23:39:25 | 200 |  6.047614531s | 209.250.229.144 | GET      "/profile/download?userid=625608093&fileid=65dcf6e0a9afa0eaf1cdf7c4&mode=%d0%92%d1%8b%d1%80%d0%b5%d0%b7%d0%b0%d1%82%d1%8c"
