[GIN-debug] [WARNING] Creating an Engine instance with the Logger and Recovery middleware already attached.

[GIN-debug] [WARNING] Running in "debug" mode. Switch to "release" mode in production.
 - using env:	export GIN_MODE=release
 - using code:	gin.SetMode(gin.ReleaseMode)

[GIN-debug] Loaded HTML Templates (20): 
	- cut_success.html
	- dashboard.html
	- delete_conf.html
	- email_redirect.html
	- login.html
	- cut_edit.html
	- file_history.html
	- screenshot_edit.html
	- screenshot_success.html
	- convert_success.html
	- email.html
	- signout.html
	- watermark.html
	- watermark_success.html
	- cut.html
	- 404.html
	- convert.html
	- profile.html
	- screenshot.html
	- 

[GIN-debug] GET    /static/*filepath         --> github.com/gin-gonic/gin.(*RouterGroup).createStaticHandler.func1 (4 handlers)
[GIN-debug] HEAD   /static/*filepath         --> github.com/gin-gonic/gin.(*RouterGroup).createStaticHandler.func1 (4 handlers)
[GIN-debug] GET    /metrics                  --> main.main.WrapH.func4 (4 handlers)
[GIN-debug] GET    /                         --> github.com/shuklarituparn/Conversion-Microservice/internal/handlers.WelcomeHandler (4 handlers)
[GIN-debug] GET    /login                    --> github.com/shuklarituparn/Conversion-Microservice/internal/handlers.Login (4 handlers)
[GIN-debug] GET    /callback                 --> github.com/shuklarituparn/Conversion-Microservice/internal/handlers.Callback (4 handlers)
[GIN-debug] GET    /dashboard                --> github.com/shuklarituparn/Conversion-Microservice/internal/handlers.Dashboard (5 handlers)
[GIN-debug] GET    /convert                  --> github.com/shuklarituparn/Conversion-Microservice/internal/handlers.Convert (5 handlers)
[GIN-debug] POST   /convert                  --> github.com/shuklarituparn/Conversion-Microservice/internal/handlers.ConvertUpload (5 handlers)
[GIN-debug] GET    /cut                      --> github.com/shuklarituparn/Conversion-Microservice/internal/handlers.Cut (5 handlers)
[GIN-debug] POST   /cut_edit                 --> github.com/shuklarituparn/Conversion-Microservice/internal/handlers.CutEditPage (5 handlers)
[GIN-debug] GET    /watermark                --> github.com/shuklarituparn/Conversion-Microservice/internal/handlers.Watermark (5 handlers)
[GIN-debug] GET    /screenshot               --> github.com/shuklarituparn/Conversion-Microservice/internal/handlers.Screenshot (5 handlers)
[GIN-debug] GET    /profile                  --> github.com/shuklarituparn/Conversion-Microservice/internal/handlers.Profile (5 handlers)
[GIN-debug] GET    /profile/email            --> github.com/shuklarituparn/Conversion-Microservice/internal/handlers.EmailHandler (5 handlers)
[GIN-debug] POST   /profile/email            --> github.com/shuklarituparn/Conversion-Microservice/internal/handlers.EmailUpdateHandler (5 handlers)
[GIN-debug] GET    /profile/files            --> github.com/shuklarituparn/Conversion-Microservice/internal/handlers.FileHistory (5 handlers)
[GIN-debug] GET    /deleteConf               --> github.com/shuklarituparn/Conversion-Microservice/internal/handlers.AccountDeleteConf (5 handlers)
[GIN-debug] GET    /signout                  --> github.com/shuklarituparn/Conversion-Microservice/internal/handlers.Signout (5 handlers)
[GIN-debug] [WARNING] You trusted all proxies, this is NOT safe. We recommend you to set a value.
Please check https://pkg.go.dev/github.com/gin-gonic/gin#readme-don-t-trust-all-proxies for details.
[GIN-debug] Listening and serving HTTP on :8085
[GIN] 2024/02/15 - 01:28:56 | 302 |     283.902µs |   93.175.13.251 | GET      "/login"
[GIN] 2024/02/15 - 01:28:57 | 302 |     146.634µs |   45.76.135.164 | GET      "/login"
[GIN] 2024/02/15 - 01:29:03 | 302 |   227.37018ms |   45.76.135.164 | GET      "/callback?code=337dc87d171265f8a4&state=8ea80123-7e4c-4069-b9ed-313d0d2d24fc"
[GIN] 2024/02/15 - 01:29:03 | 200 |    1.757652ms |   45.76.135.164 | GET      "/dashboard"
[GIN] 2024/02/15 - 01:29:03 | 200 |    3.527687ms |   45.76.135.164 | GET      "/static/css/output.css"
[GIN] 2024/02/15 - 01:29:03 | 200 |    1.606038ms |   45.76.135.164 | GET      "/static/images/background.png"
[GIN] 2024/02/15 - 01:29:03 | 200 |      341.73µs |   45.76.135.164 | GET      "/static/fonts/font.ttf"
[GIN] 2024/02/15 - 01:29:07 | 302 |    3.004667ms |   45.76.135.164 | GET      "/convert"
[GIN] 2024/02/15 - 01:29:07 | 200 |     730.518µs |   45.76.135.164 | GET      "/static/assets/persik3.webp"
[GIN] 2024/02/15 - 01:29:10 | 302 |    2.540739ms |   45.76.135.164 | GET      "/profile/email"
[GIN] 2024/02/15 - 01:29:11 | 200 |    5.209717ms |   45.76.135.164 | GET      "/static/assets/persik2.webp"
