[GIN-debug] [WARNING] Creating an Engine instance with the Logger and Recovery middleware already attached.

[GIN-debug] [WARNING] Running in "debug" mode. Switch to "release" mode in production.
 - using env:	export GIN_MODE=release
 - using code:	gin.SetMode(gin.ReleaseMode)

[GIN-debug] Loaded HTML Templates (26): 
	- screenshot.html
	- 
	- convert_success.html
	- cut_edit.html
	- delete_conf.html
	- email_confirm.html
	- login.html
	- profile.html
	- dashboard.html
	- error.html
	- file_history.html
	- restore.html
	- restored.html
	- watermark.html
	- watermark_success.html
	- cut_success.html
	- email.html
	- email_redirect.html
	- goodbye.html
	- screenshot_edit.html
	- signout.html
	- verification_mail.html
	- 404.html
	- convert.html
	- cut.html
	- screenshot_success.html

[GIN-debug] GET    /static/*filepath         --> github.com/gin-gonic/gin.(*RouterGroup).createStaticHandler.func1 (4 handlers)
[GIN-debug] HEAD   /static/*filepath         --> github.com/gin-gonic/gin.(*RouterGroup).createStaticHandler.func1 (4 handlers)
[GIN-debug] GET    /uploads/*filepath        --> github.com/gin-gonic/gin.(*RouterGroup).createStaticHandler.func1 (4 handlers)
[GIN-debug] HEAD   /uploads/*filepath        --> github.com/gin-gonic/gin.(*RouterGroup).createStaticHandler.func1 (4 handlers)
[GIN-debug] GET    /metrics                  --> main.main.WrapH.func6 (4 handlers)
[GIN-debug] GET    /                         --> github.com/shuklarituparn/Conversion-Microservice/internal/handlers.WelcomeHandler (4 handlers)
[GIN-debug] GET    /login                    --> github.com/shuklarituparn/Conversion-Microservice/internal/handlers.Login (4 handlers)
[GIN-debug] GET    /callback                 --> github.com/shuklarituparn/Conversion-Microservice/internal/handlers.Callback (4 handlers)
[GIN-debug] GET    /dashboard                --> github.com/shuklarituparn/Conversion-Microservice/internal/handlers.Dashboard (5 handlers)
[GIN-debug] GET    /convert                  --> github.com/shuklarituparn/Conversion-Microservice/internal/handlers.Convert (5 handlers)
[GIN-debug] POST   /convert                  --> github.com/shuklarituparn/Conversion-Microservice/internal/handlers.ConvertUpload (5 handlers)
[GIN-debug] GET    /cut                      --> github.com/shuklarituparn/Conversion-Microservice/internal/handlers.Cut (5 handlers)
[GIN-debug] POST   /cut_edit                 --> github.com/shuklarituparn/Conversion-Microservice/internal/handlers.CutEditPage (5 handlers)
[GIN-debug] GET    /watermark                --> github.com/shuklarituparn/Conversion-Microservice/internal/handlers.Watermark (5 handlers)
[GIN-debug] GET    /screenshot               --> github.com/shuklarituparn/Conversion-Microservice/internal/handlers.Screenshot (5 handlers)
[GIN-debug] GET    /profile                  --> github.com/shuklarituparn/Conversion-Microservice/internal/handlers.Profile (5 handlers)
[GIN-debug] GET    /profile/email            --> github.com/shuklarituparn/Conversion-Microservice/internal/handlers.EmailHandler (5 handlers)
[GIN-debug] POST   /profile/email            --> github.com/shuklarituparn/Conversion-Microservice/internal/handlers.EmailUpdateHandler (5 handlers)
[GIN-debug] GET    /profile/files            --> github.com/shuklarituparn/Conversion-Microservice/internal/handlers.FileHistory (5 handlers)
[GIN-debug] GET    /profile/delete           --> github.com/shuklarituparn/Conversion-Microservice/internal/handlers.AccountDeleteConf (5 handlers)
[GIN-debug] POST   /profile/delete           --> github.com/shuklarituparn/Conversion-Microservice/internal/handlers.AccountDelete (5 handlers)
[GIN-debug] GET    /profile/restore          --> github.com/shuklarituparn/Conversion-Microservice/internal/handlers.Restore (5 handlers)
[GIN-debug] POST   /verify_mail              --> github.com/shuklarituparn/Conversion-Microservice/internal/handlers.EmailConfirm (5 handlers)
[GIN-debug] GET    /verify_mail              --> github.com/shuklarituparn/Conversion-Microservice/internal/handlers.VerificationEmail (5 handlers)
[GIN-debug] GET    /signout                  --> github.com/shuklarituparn/Conversion-Microservice/internal/handlers.Signout (5 handlers)
[GIN-debug] [WARNING] You trusted all proxies, this is NOT safe. We recommend you to set a value.
Please check https://pkg.go.dev/github.com/gin-gonic/gin#readme-don-t-trust-all-proxies for details.
[GIN-debug] Listening and serving HTTP on :8085
[GIN] 2024/02/23 - 12:42:53 | 302 |     110.208µs |   89.113.147.45 | GET      "/login"
[GIN] 2024/02/23 - 12:42:54 | 302 |     144.914µs |   45.76.135.164 | GET      "/login"
[GIN] 2024/02/23 - 12:43:00 | 302 |  779.224525ms |   45.76.135.164 | GET      "/callback?code=bdecdb54078f334407&state=ed23637e-c458-48d4-80d2-cf23d74ed3c3"
[GIN] 2024/02/23 - 12:43:00 | 200 |    1.426353ms |   45.76.135.164 | GET      "/dashboard"
[GIN] 2024/02/23 - 12:43:00 | 304 |     204.376µs |   45.76.135.164 | GET      "/static/css/output.css"
[GIN] 2024/02/23 - 12:43:00 | 304 |     187.113µs |   45.76.135.164 | GET      "/static/assets/video-player.png"
[GIN] 2024/02/23 - 12:43:00 | 200 |    6.467881ms |   45.76.135.164 | GET      "/static/images/background.png"
[GIN] 2024/02/23 - 12:43:05 | 200 |    2.768666ms |   45.76.135.164 | GET      "/convert"
[GIN] 2024/02/23 - 12:43:26 | 200 |  2.460826494s |   45.76.135.164 | POST     "/convert"
[GIN] 2024/02/23 - 12:43:26 | 200 |     6.24771ms |   45.76.135.164 | GET      "/static/assets/ok-persik.webp"
[GIN] 2024/02/23 - 12:43:30 | 200 |    1.751004ms |   45.76.135.164 | GET      "/convert"
[GIN] 2024/02/23 - 13:07:43 | 200 |  5.384511475s |   45.76.135.164 | POST     "/convert"
[GIN] 2024/02/23 - 13:07:46 | 200 |    2.012636ms |   45.76.135.164 | GET      "/convert"
