[GIN-debug] [WARNING] Creating an Engine instance with the Logger and Recovery middleware already attached.

[GIN-debug] [WARNING] Running in "debug" mode. Switch to "release" mode in production.
 - using env:	export GIN_MODE=release
 - using code:	gin.SetMode(gin.ReleaseMode)

[GIN-debug] Loaded HTML Templates (27): 
	- screenshot_edit.html
	- signout.html
	- convert_success.html
	- restored.html
	- watermark_success.html
	- delete_conf.html
	- screenshot.html
	- login.html
	- watermark.html
	- cut_edit.html
	- email_confirm.html
	- 404.html
	- cut.html
	- profile.html
	- dashboard.html
	- file_history.html
	- screenshot_success.html
	- 
	- convert.html
	- email.html
	- error.html
	- goodbye.html
	- restore.html
	- download.html
	- cut_success.html
	- email_redirect.html
	- verification_mail.html

[GIN-debug] GET    /static/*filepath         --> github.com/gin-gonic/gin.(*RouterGroup).createStaticHandler.func1 (4 handlers)
[GIN-debug] HEAD   /static/*filepath         --> github.com/gin-gonic/gin.(*RouterGroup).createStaticHandler.func1 (4 handlers)
[GIN-debug] GET    /uploads/*filepath        --> github.com/gin-gonic/gin.(*RouterGroup).createStaticHandler.func1 (4 handlers)
[GIN-debug] HEAD   /uploads/*filepath        --> github.com/gin-gonic/gin.(*RouterGroup).createStaticHandler.func1 (4 handlers)
[GIN-debug] GET    /metrics                  --> main.main.WrapH.func3 (4 handlers)
[GIN-debug] GET    /                         --> github.com/shuklarituparn/Conversion-Microservice/internal/handlers.WelcomeHandler (4 handlers)
[GIN-debug] GET    /login                    --> github.com/shuklarituparn/Conversion-Microservice/internal/handlers.Login (4 handlers)
[GIN-debug] GET    /callback                 --> github.com/shuklarituparn/Conversion-Microservice/internal/handlers.Callback (4 handlers)
[GIN-debug] GET    /dashboard                --> github.com/shuklarituparn/Conversion-Microservice/internal/handlers.Dashboard (5 handlers)
[GIN-debug] GET    /convert                  --> github.com/shuklarituparn/Conversion-Microservice/internal/handlers.Convert (5 handlers)
[GIN-debug] POST   /convert                  --> github.com/shuklarituparn/Conversion-Microservice/internal/handlers.ConvertUpload (5 handlers)
[GIN-debug] GET    /cut                      --> github.com/shuklarituparn/Conversion-Microservice/internal/handlers.Cut (5 handlers)
[GIN-debug] POST   /cut_edit                 --> github.com/shuklarituparn/Conversion-Microservice/internal/handlers.CutEditPage (5 handlers)
[GIN-debug] POST   /cut                      --> github.com/shuklarituparn/Conversion-Microservice/internal/handlers.CutEditResult (5 handlers)
[GIN-debug] GET    /watermark                --> github.com/shuklarituparn/Conversion-Microservice/internal/handlers.Watermark (5 handlers)
[GIN-debug] POST   /watermark                --> github.com/shuklarituparn/Conversion-Microservice/internal/handlers.WatermarkResult (5 handlers)
[GIN-debug] GET    /screenshot               --> github.com/shuklarituparn/Conversion-Microservice/internal/handlers.Screenshot (5 handlers)
[GIN-debug] POST   /screenshot_edit          --> github.com/shuklarituparn/Conversion-Microservice/internal/handlers.Screenshot_edit (5 handlers)
[GIN-debug] POST   /screenshot               --> github.com/shuklarituparn/Conversion-Microservice/internal/handlers.ScreenShotResult (5 handlers)
[GIN-debug] GET    /profile                  --> github.com/shuklarituparn/Conversion-Microservice/internal/handlers.Profile (5 handlers)
[GIN-debug] GET    /profile/email            --> github.com/shuklarituparn/Conversion-Microservice/internal/handlers.EmailHandler (5 handlers)
[GIN-debug] POST   /profile/email            --> github.com/shuklarituparn/Conversion-Microservice/internal/handlers.EmailUpdateHandler (5 handlers)
[GIN-debug] GET    /profile/files            --> github.com/shuklarituparn/Conversion-Microservice/internal/handlers.FileHistory (5 handlers)
[GIN-debug] GET    /profile/delete           --> github.com/shuklarituparn/Conversion-Microservice/internal/handlers.AccountDeleteConf (5 handlers)
[GIN-debug] POST   /profile/delete           --> github.com/shuklarituparn/Conversion-Microservice/internal/handlers.AccountDelete (5 handlers)
[GIN-debug] GET    /profile/restore          --> github.com/shuklarituparn/Conversion-Microservice/internal/handlers.Restore (5 handlers)
[GIN-debug] POST   /verify_mail              --> github.com/shuklarituparn/Conversion-Microservice/internal/handlers.EmailConfirm (5 handlers)
[GIN-debug] GET    /profile/download         --> github.com/shuklarituparn/Conversion-Microservice/internal/handlers.Download (5 handlers)
[GIN-debug] GET    /verify_mail              --> github.com/shuklarituparn/Conversion-Microservice/internal/handlers.VerificationEmail (5 handlers)
[GIN-debug] GET    /signout                  --> github.com/shuklarituparn/Conversion-Microservice/internal/handlers.Signout (5 handlers)
[GIN-debug] [WARNING] You trusted all proxies, this is NOT safe. We recommend you to set a value.
Please check https://pkg.go.dev/github.com/gin-gonic/gin#readme-don-t-trust-all-proxies for details.
[GIN-debug] Listening and serving HTTP on :8085
[GIN] 2024/02/27 - 13:56:13 | 200 |    1.721177ms |   185.205.79.48 | GET      "/"
[GIN] 2024/02/27 - 13:56:14 | 200 |    6.756595ms |   185.205.79.48 | GET      "/static/css/output.css"
[GIN] 2024/02/27 - 13:56:14 | 200 |    6.637922ms |   185.205.79.48 | GET      "/static/images/vk.png"
[GIN] 2024/02/27 - 13:56:14 | 200 |    3.991145ms |   185.205.79.48 | GET      "/static/images/background.png"
[GIN] 2024/02/27 - 13:56:14 | 200 |     929.428µs |   185.205.79.48 | GET      "/static/fonts/font.ttf"
[GIN] 2024/02/27 - 13:56:16 | 302 |     140.214µs |   185.205.79.48 | GET      "/login"
[GIN] 2024/02/27 - 13:56:21 | 302 |  530.823153ms |   185.205.79.48 | GET      "/callback?code=8b0ae588578bb00cad&state=df0a6ef8-b943-4ee4-8924-64c81f2d75b6"
[GIN] 2024/02/27 - 13:56:21 | 200 |    1.686452ms |   185.205.79.48 | GET      "/dashboard"
[GIN] 2024/02/27 - 13:56:21 | 200 |    8.277796ms |   185.205.79.48 | GET      "/static/assets/VK.svg"
[GIN] 2024/02/27 - 13:56:21 | 200 |     393.661µs |   185.205.79.48 | GET      "/static/assets/video-player.png"
[GIN] 2024/02/27 - 13:56:22 | 200 |    8.835204ms |   185.205.79.48 | GET      "/static/favicon/favicon.ico"
