[GIN-debug] [WARNING] Creating an Engine instance with the Logger and Recovery middleware already attached.

[GIN-debug] [WARNING] Running in "debug" mode. Switch to "release" mode in production.
 - using env:	export GIN_MODE=release
 - using code:	gin.SetMode(gin.ReleaseMode)

[GIN-debug] Loaded HTML Templates (26): 
	- delete_conf.html
	- profile.html
	- screenshot_edit.html
	- verification_mail.html
	- 
	- 404.html
	- convert.html
	- watermark.html
	- cut.html
	- email_redirect.html
	- signout.html
	- cut_edit.html
	- dashboard.html
	- email.html
	- restore.html
	- screenshot.html
	- watermark_success.html
	- error.html
	- file_history.html
	- screenshot_success.html
	- login.html
	- restored.html
	- cut_success.html
	- email_confirm.html
	- goodbye.html
	- convert_success.html

[GIN-debug] GET    /static/*filepath         --> github.com/gin-gonic/gin.(*RouterGroup).createStaticHandler.func1 (4 handlers)
[GIN-debug] HEAD   /static/*filepath         --> github.com/gin-gonic/gin.(*RouterGroup).createStaticHandler.func1 (4 handlers)
[GIN-debug] GET    /metrics                  --> main.main.WrapH.func6 (4 handlers)
[GIN-debug] GET    /                         --> github.com/shuklarituparn/Conversion-Microservice/internal/handlers.WelcomeHandler (4 handlers)
[GIN-debug] GET    /login                    --> github.com/shuklarituparn/Conversion-Microservice/internal/handlers.Login (4 handlers)
[GIN-debug] GET    /callback                 --> github.com/shuklarituparn/Conversion-Microservice/internal/handlers.Callback (4 handlers)
[GIN-debug] GET    /dashboard                --> github.com/shuklarituparn/Conversion-Microservice/internal/handlers.Dashboard (5 handlers)
[GIN-debug] GET    /convert                  --> github.com/shuklarituparn/Conversion-Microservice/internal/handlers.Convert (5 handlers)
[GIN-debug] POST   /convert                  --> github.com/shuklarituparn/Conversion-Microservice/internal/handlers.ConvertUpload (5 handlers)
[GIN-debug] GET    /cut                      --> github.com/shuklarituparn/Conversion-Microservice/internal/handlers.Cut (5 handlers)
[GIN-debug] GET    /cut_edit                 --> github.com/shuklarituparn/Conversion-Microservice/internal/handlers.CutEditPage (5 handlers)
[GIN-debug] POST   /cut_edit                 --> github.com/shuklarituparn/Conversion-Microservice/internal/handlers.CutEditResult (5 handlers)
[GIN-debug] GET    /watermark                --> github.com/shuklarituparn/Conversion-Microservice/internal/handlers.Watermark (5 handlers)
[GIN-debug] GET    /screenshot               --> github.com/shuklarituparn/Conversion-Microservice/internal/handlers.Screenshot (5 handlers)
[GIN-debug] GET    /profile                  --> github.com/shuklarituparn/Conversion-Microservice/internal/handlers.Profile (5 handlers)
[GIN-debug] GET    /profile/email            --> github.com/shuklarituparn/Conversion-Microservice/internal/handlers.EmailHandler (5 handlers)
[GIN-debug] POST   /profile/email            --> github.com/shuklarituparn/Conversion-Microservice/internal/handlers.EmailUpdateHandler (5 handlers)
[GIN-debug] GET    /profile/files            --> github.com/shuklarituparn/Conversion-Microservice/internal/handlers.FileHistory (5 handlers)
[GIN-debug] GET    /profile/delete           --> github.com/shuklarituparn/Conversion-Microservice/internal/handlers.AccountDeleteConf (5 handlers)
[GIN-debug] POST   /profile/delete           --> github.com/shuklarituparn/Conversion-Microservice/internal/handlers.AccountDelete (5 handlers)
[GIN-debug] GET    /profile/restore          --> github.com/shuklarituparn/Conversion-Microservice/internal/handlers.Restore (5 handlers)
[GIN-debug] POST   /verify_mail              --> github.com/shuklarituparn/Conversion-Microservice/internal/handlers.EmailConfirm (5 handlers)
[GIN-debug] GET    /verify_mail              --> github.com/shuklarituparn/Conversion-Microservice/internal/handlers.VerificationEmail (5 handlers)
[GIN-debug] GET    /signout                  --> github.com/shuklarituparn/Conversion-Microservice/internal/handlers.Signout (5 handlers)
[GIN-debug] [WARNING] You trusted all proxies, this is NOT safe. We recommend you to set a value.
Please check https://pkg.go.dev/github.com/gin-gonic/gin#readme-don-t-trust-all-proxies for details.
[GIN-debug] Listening and serving HTTP on :8085
[GIN] 2024/02/21 - 11:16:45 | 200 |    2.650789ms |   95.179.227.44 | GET      "/convert"
[GIN] 2024/02/21 - 11:17:11 | 200 |  2.265313558s |   95.179.227.44 | POST     "/convert"
[GIN] 2024/02/21 - 11:17:11 | 200 |    5.962251ms |   95.179.227.44 | GET      "/static/assets/ok-persik.webp"
[GIN] 2024/02/21 - 11:17:14 | 302 |    6.993475ms |   95.179.227.44 | GET      "/cut_edit"
[GIN] 2024/02/21 - 11:17:14 | 404 |    1.713946ms |   95.179.227.44 | GET      "/uploads/Ритупарн_cat_dancing_mp4.mp4"
[GIN] 2024/02/21 - 11:19:19 | 200 |   23.580709ms |   95.179.227.44 | GET      "/convert"
[GIN] 2024/02/21 - 11:19:32 | 200 |  4.241570428s |   95.179.227.44 | POST     "/convert"
[GIN] 2024/02/21 - 11:19:35 | 302 |    2.460474ms |   95.179.227.44 | GET      "/cut_edit"
[GIN] 2024/02/21 - 11:19:35 | 404 |    1.582343ms |   95.179.227.44 | GET      "/uploads/Ритупарн_IMG_1876_MP4.mp4"
[GIN] 2024/02/21 - 11:21:06 | 404 |     1.54259ms |   95.179.227.44 | GET      "/uploads/Ритупарн_IMG_1876_MP4.mp4"
[GIN] 2024/02/21 - 11:21:06 | 200 |    2.931837ms |   95.179.227.44 | GET      "/static/assets/diggycrying.webp"
[GIN] 2024/02/21 - 11:21:55 | 302 |     1.94944ms |   95.179.227.44 | GET      "/cut_edit"
