[GIN-debug] [WARNING] Creating an Engine instance with the Logger and Recovery middleware already attached.

[GIN-debug] [WARNING] Running in "debug" mode. Switch to "release" mode in production.
 - using env:	export GIN_MODE=release
 - using code:	gin.SetMode(gin.ReleaseMode)

[GIN-debug] Loaded HTML Templates (27): 
	- dashboard.html
	- restore.html
	- signout.html
	- verification_mail.html
	- 
	- convert.html
	- file_history.html
	- cut.html
	- email_redirect.html
	- goodbye.html
	- watermark.html
	- restored.html
	- cut_edit.html
	- cut_success.html
	- screenshot.html
	- screenshot_success.html
	- delete_conf.html
	- email_confirm.html
	- convert_success.html
	- profile.html
	- watermark_success.html
	- email.html
	- error.html
	- login.html
	- 404.html
	- download.html
	- screenshot_edit.html

[GIN-debug] GET    /static/*filepath         --> github.com/gin-gonic/gin.(*RouterGroup).createStaticHandler.func1 (4 handlers)
[GIN-debug] HEAD   /static/*filepath         --> github.com/gin-gonic/gin.(*RouterGroup).createStaticHandler.func1 (4 handlers)
[GIN-debug] GET    /uploads/*filepath        --> github.com/gin-gonic/gin.(*RouterGroup).createStaticHandler.func1 (4 handlers)
[GIN-debug] HEAD   /uploads/*filepath        --> github.com/gin-gonic/gin.(*RouterGroup).createStaticHandler.func1 (4 handlers)
[GIN-debug] GET    /metrics                  --> main.main.WrapH.func3 (4 handlers)
[GIN-debug] GET    /                         --> github.com/shuklarituparn/Conversion-Microservice/internal/handlers.WelcomeHandler (4 handlers)
[GIN-debug] GET    /login                    --> github.com/shuklarituparn/Conversion-Microservice/internal/handlers.Login (4 handlers)
[GIN-debug] GET    /callback                 --> github.com/shuklarituparn/Conversion-Microservice/internal/handlers.Callback (4 handlers)
[GIN-debug] GET    /dashboard                --> github.com/shuklarituparn/Conversion-Microservice/internal/handlers.Dashboard (5 handlers)
[GIN-debug] GET    /convert                  --> github.com/shuklarituparn/Conversion-Microservice/internal/handlers.Convert (5 handlers)
[GIN-debug] POST   /convert                  --> github.com/shuklarituparn/Conversion-Microservice/internal/handlers.ConvertUpload (5 handlers)
[GIN-debug] GET    /cut                      --> github.com/shuklarituparn/Conversion-Microservice/internal/handlers.Cut (5 handlers)
[GIN-debug] POST   /cut_edit                 --> github.com/shuklarituparn/Conversion-Microservice/internal/handlers.CutEditPage (5 handlers)
[GIN-debug] POST   /cut                      --> github.com/shuklarituparn/Conversion-Microservice/internal/handlers.CutEditResult (5 handlers)
[GIN-debug] GET    /watermark                --> github.com/shuklarituparn/Conversion-Microservice/internal/handlers.Watermark (5 handlers)
[GIN-debug] POST   /watermark                --> github.com/shuklarituparn/Conversion-Microservice/internal/handlers.WatermarkResult (5 handlers)
[GIN-debug] GET    /screenshot               --> github.com/shuklarituparn/Conversion-Microservice/internal/handlers.Screenshot (5 handlers)
[GIN-debug] POST   /screenshot_edit          --> github.com/shuklarituparn/Conversion-Microservice/internal/handlers.Screenshot_edit (5 handlers)
[GIN-debug] POST   /screenshot               --> github.com/shuklarituparn/Conversion-Microservice/internal/handlers.ScreenShotResult (5 handlers)
[GIN-debug] GET    /profile                  --> github.com/shuklarituparn/Conversion-Microservice/internal/handlers.Profile (5 handlers)
[GIN-debug] GET    /profile/email            --> github.com/shuklarituparn/Conversion-Microservice/internal/handlers.EmailHandler (5 handlers)
[GIN-debug] POST   /profile/email            --> github.com/shuklarituparn/Conversion-Microservice/internal/handlers.EmailUpdateHandler (5 handlers)
[GIN-debug] GET    /profile/files            --> github.com/shuklarituparn/Conversion-Microservice/internal/handlers.FileHistory (5 handlers)
[GIN-debug] GET    /profile/delete           --> github.com/shuklarituparn/Conversion-Microservice/internal/handlers.AccountDeleteConf (5 handlers)
[GIN-debug] POST   /profile/delete           --> github.com/shuklarituparn/Conversion-Microservice/internal/handlers.AccountDelete (5 handlers)
[GIN-debug] GET    /profile/restore          --> github.com/shuklarituparn/Conversion-Microservice/internal/handlers.Restore (5 handlers)
[GIN-debug] POST   /verify_mail              --> github.com/shuklarituparn/Conversion-Microservice/internal/handlers.EmailConfirm (5 handlers)
[GIN-debug] GET    /profile/download         --> github.com/shuklarituparn/Conversion-Microservice/internal/handlers.Download (5 handlers)
[GIN-debug] GET    /verify_mail              --> github.com/shuklarituparn/Conversion-Microservice/internal/handlers.VerificationEmail (5 handlers)
[GIN-debug] GET    /signout                  --> github.com/shuklarituparn/Conversion-Microservice/internal/handlers.Signout (5 handlers)
[GIN-debug] [WARNING] You trusted all proxies, this is NOT safe. We recommend you to set a value.
Please check https://pkg.go.dev/github.com/gin-gonic/gin#readme-don-t-trust-all-proxies for details.
[GIN-debug] Listening and serving HTTP on :8085
[GIN] 2024/02/26 - 23:34:48 | 404 |     1.35859ms | 209.250.229.144 | GET      "/cut_edit"
[GIN] 2024/02/26 - 23:34:49 | 206 |    3.616513ms | 209.250.229.144 | GET      "/static/assets/diggycrying.webp"
[GIN] 2024/02/26 - 23:34:49 | 206 |     2.15281ms | 209.250.229.144 | GET      "/static/assets/diggycrying.webp"
[GIN] 2024/02/26 - 23:34:54 | 200 |    2.352785ms | 209.250.229.144 | GET      "/dashboard"
[GIN] 2024/02/26 - 23:34:56 | 200 |     3.09086ms | 209.250.229.144 | GET      "/cut"
[GIN] 2024/02/26 - 23:35:16 | 302 |  15.22292124s | 209.250.229.144 | POST     "/cut_edit"
[GIN] 2024/02/26 - 23:35:16 | 206 |    2.182362ms | 209.250.229.144 | GET      "/uploads/Ритупарн_IMG_1876.MP4"
[GIN] 2024/02/26 - 23:35:17 | 206 |     318.049µs | 209.250.229.144 | GET      "/uploads/Ритупарн_IMG_1876.MP4"
[GIN] 2024/02/26 - 23:35:17 | 206 |    3.299287ms | 209.250.229.144 | GET      "/uploads/Ритупарн_IMG_1876.MP4"
[GIN] 2024/02/26 - 23:35:28 | 302 |     9.03656ms | 209.250.229.144 | POST     "/cut"
[GIN] 2024/02/26 - 23:35:29 | 200 |     9.72071ms | 209.250.229.144 | GET      "/static/assets/ok-persik.webp"
[GIN] 2024/02/26 - 23:35:33 | 404 |    1.586604ms | 209.250.229.144 | GET      "/cut_edit"
[GIN] 2024/02/26 - 23:36:06 | 500 |  3.903131935s | 209.250.229.144 | GET      "/profile/download?userid=625608093&fileid=65dcf61053516122347c93f7&mode=%d0%92%d1%8b%d1%80%d0%b5%d0%b7%d0%b0%d1%82%d1%8c"
[GIN] 2024/02/26 - 23:36:07 | 200 |    2.308111ms | 209.250.229.144 | GET      "/static/assets/diggy_judging.webp"
