[GIN-debug] [WARNING] Creating an Engine instance with the Logger and Recovery middleware already attached.

[GIN-debug] [WARNING] Running in "debug" mode. Switch to "release" mode in production.
 - using env:	export GIN_MODE=release
 - using code:	gin.SetMode(gin.ReleaseMode)

[GIN-debug] Loaded HTML Templates (27): 
	- email.html
	- screenshot_success.html
	- 404.html
	- cut_success.html
	- screenshot_edit.html
	- verification_mail.html
	- watermark.html
	- convert_success.html
	- email_redirect.html
	- 
	- profile.html
	- dashboard.html
	- convert.html
	- cut_edit.html
	- email_confirm.html
	- file_history.html
	- restore.html
	- screenshot.html
	- watermark_success.html
	- delete_conf.html
	- download.html
	- login.html
	- restored.html
	- cut.html
	- error.html
	- goodbye.html
	- signout.html

[GIN-debug] GET    /static/*filepath         --> github.com/gin-gonic/gin.(*RouterGroup).createStaticHandler.func1 (4 handlers)
[GIN-debug] HEAD   /static/*filepath         --> github.com/gin-gonic/gin.(*RouterGroup).createStaticHandler.func1 (4 handlers)
[GIN-debug] GET    /uploads/*filepath        --> github.com/gin-gonic/gin.(*RouterGroup).createStaticHandler.func1 (4 handlers)
[GIN-debug] HEAD   /uploads/*filepath        --> github.com/gin-gonic/gin.(*RouterGroup).createStaticHandler.func1 (4 handlers)
[GIN-debug] GET    /metrics                  --> main.main.WrapH.func3 (4 handlers)
[GIN-debug] GET    /                         --> github.com/shuklarituparn/Conversion-Microservice/internal/handlers.WelcomeHandler (4 handlers)
[GIN-debug] GET    /login                    --> github.com/shuklarituparn/Conversion-Microservice/internal/handlers.Login (4 handlers)
[GIN-debug] GET    /callback                 --> github.com/shuklarituparn/Conversion-Microservice/internal/handlers.Callback (4 handlers)
[GIN-debug] GET    /dashboard                --> github.com/shuklarituparn/Conversion-Microservice/internal/handlers.Dashboard (5 handlers)
[GIN-debug] GET    /convert                  --> github.com/shuklarituparn/Conversion-Microservice/internal/handlers.Convert (5 handlers)
[GIN-debug] POST   /convert                  --> github.com/shuklarituparn/Conversion-Microservice/internal/handlers.ConvertUpload (5 handlers)
[GIN-debug] GET    /cut                      --> github.com/shuklarituparn/Conversion-Microservice/internal/handlers.Cut (5 handlers)
[GIN-debug] POST   /cut_edit                 --> github.com/shuklarituparn/Conversion-Microservice/internal/handlers.CutEditPage (5 handlers)
[GIN-debug] POST   /cut                      --> github.com/shuklarituparn/Conversion-Microservice/internal/handlers.CutEditResult (5 handlers)
[GIN-debug] GET    /watermark                --> github.com/shuklarituparn/Conversion-Microservice/internal/handlers.Watermark (5 handlers)
[GIN-debug] POST   /watermark                --> github.com/shuklarituparn/Conversion-Microservice/internal/handlers.WatermarkResult (5 handlers)
[GIN-debug] GET    /screenshot               --> github.com/shuklarituparn/Conversion-Microservice/internal/handlers.Screenshot (5 handlers)
[GIN-debug] POST   /screenshot_edit          --> github.com/shuklarituparn/Conversion-Microservice/internal/handlers.Screenshot_edit (5 handlers)
[GIN-debug] POST   /screenshot               --> github.com/shuklarituparn/Conversion-Microservice/internal/handlers.ScreenShotResult (5 handlers)
[GIN-debug] GET    /profile                  --> github.com/shuklarituparn/Conversion-Microservice/internal/handlers.Profile (5 handlers)
[GIN-debug] GET    /profile/email            --> github.com/shuklarituparn/Conversion-Microservice/internal/handlers.EmailHandler (5 handlers)
[GIN-debug] POST   /profile/email            --> github.com/shuklarituparn/Conversion-Microservice/internal/handlers.EmailUpdateHandler (5 handlers)
[GIN-debug] GET    /profile/files            --> github.com/shuklarituparn/Conversion-Microservice/internal/handlers.FileHistory (5 handlers)
[GIN-debug] GET    /profile/delete           --> github.com/shuklarituparn/Conversion-Microservice/internal/handlers.AccountDeleteConf (5 handlers)
[GIN-debug] POST   /profile/delete           --> github.com/shuklarituparn/Conversion-Microservice/internal/handlers.AccountDelete (5 handlers)
[GIN-debug] GET    /profile/restore          --> github.com/shuklarituparn/Conversion-Microservice/internal/handlers.Restore (5 handlers)
[GIN-debug] POST   /verify_mail              --> github.com/shuklarituparn/Conversion-Microservice/internal/handlers.EmailConfirm (5 handlers)
[GIN-debug] GET    /profile/download         --> github.com/shuklarituparn/Conversion-Microservice/internal/handlers.Download (5 handlers)
[GIN-debug] GET    /verify_mail              --> github.com/shuklarituparn/Conversion-Microservice/internal/handlers.VerificationEmail (5 handlers)
[GIN-debug] GET    /signout                  --> github.com/shuklarituparn/Conversion-Microservice/internal/handlers.Signout (5 handlers)
[GIN-debug] [WARNING] You trusted all proxies, this is NOT safe. We recommend you to set a value.
Please check https://pkg.go.dev/github.com/gin-gonic/gin#readme-don-t-trust-all-proxies for details.
[GIN-debug] Listening and serving HTTP on :8085
[GIN] 2024/02/27 - 11:46:22 | 200 |    1.285758ms |   91.193.178.95 | GET      "/"
[GIN] 2024/02/27 - 11:46:22 | 200 |   11.274699ms |   91.193.178.95 | GET      "/static/favicon/favicon.ico"
[GIN] 2024/02/27 - 11:46:52 | 200 |    1.935829ms | 2401:4900:458c:f655:6f70:310f:bf29:9b74 | GET      "/"
[GIN] 2024/02/27 - 11:46:52 | 200 |    8.845523ms | 2401:4900:458c:f655:6f70:310f:bf29:9b74 | GET      "/static/css/output.css"
[GIN] 2024/02/27 - 11:46:53 | 200 |     184.906µs | 2401:4900:458c:f655:6f70:310f:bf29:9b74 | GET      "/static/favicon/favicon.ico"
[GIN] 2024/02/27 - 11:46:53 | 200 |     756.928µs | 2401:4900:458c:f655:6f70:310f:bf29:9b74 | GET      "/static/images/vk.png"
[GIN] 2024/02/27 - 11:46:54 | 200 |   10.942323ms | 2401:4900:458c:f655:6f70:310f:bf29:9b74 | GET      "/static/fonts/font.ttf"
[GIN] 2024/02/27 - 11:46:54 | 200 |   12.736219ms | 2401:4900:458c:f655:6f70:310f:bf29:9b74 | GET      "/static/images/background.png"
[GIN] 2024/02/27 - 11:47:19 | 302 |     163.735µs | 2401:4900:458c:f655:6f70:310f:bf29:9b74 | GET      "/login"
[GIN] 2024/02/27 - 11:50:49 | 302 |  1.109182416s | 2401:4900:458c:f655:6f70:310f:bf29:9b74 | GET      "/callback?code=954f1b89e74502d3f1&state=078f3b59-77d2-496e-a553-0f7dfeb637d1"
[GIN] 2024/02/27 - 11:50:49 | 200 |   13.599517ms | 2401:4900:458c:f655:6f70:310f:bf29:9b74 | GET      "/dashboard"
[GIN] 2024/02/27 - 11:50:50 | 200 |    8.418308ms | 2401:4900:458c:f655:6f70:310f:bf29:9b74 | GET      "/static/assets/VK.svg"
[GIN] 2024/02/27 - 11:50:50 | 200 |     8.13868ms | 2401:4900:458c:f655:6f70:310f:bf29:9b74 | GET      "/static/assets/video-player.png"
[GIN] 2024/02/27 - 11:51:01 | 302 |    2.741635ms | 2401:4900:458c:f655:6f70:310f:bf29:9b74 | GET      "/convert"
[GIN] 2024/02/27 - 11:51:01 | 200 |    1.671717ms | 2401:4900:458c:f655:6f70:310f:bf29:9b74 | GET      "/static/assets/persik3.webp"
[GIN] 2024/02/27 - 11:51:06 | 302 |    1.894255ms | 2401:4900:458c:f655:6f70:310f:bf29:9b74 | GET      "/profile/email"
[GIN] 2024/02/27 - 11:51:06 | 200 |    1.544141ms | 2401:4900:458c:f655:6f70:310f:bf29:9b74 | GET      "/static/assets/persik2.webp"
[GIN] 2024/02/27 - 11:51:18 | 302 |    1.351009ms | 2401:4900:458c:f655:6f70:310f:bf29:9b74 | POST     "/verify_mail"
[GIN] 2024/02/27 - 11:51:18 | 200 |   11.764304ms | 2401:4900:458c:f655:6f70:310f:bf29:9b74 | GET      "/static/assets/persik_cute.webp"
[GIN] 2024/02/27 - 11:51:24 | 302 |   12.965695ms | 2401:4900:458c:f655:6f70:310f:bf29:9b74 | POST     "/profile/email"
[GIN] 2024/02/27 - 11:51:25 | 200 |    1.431534ms | 2401:4900:458c:f655:6f70:310f:bf29:9b74 | GET      "/static/assets/ok-persik.webp"
[GIN] 2024/02/27 - 11:52:09 | 302 |    9.855429ms | 2401:4900:458c:f655:6f70:310f:bf29:9b74 | GET      "/verify_mail?code=cbf41606-ba04-4a55-8468-354a98e69860&userId=744480552"
[GIN] 2024/02/27 - 11:52:09 | 302 |    1.682056ms | 2401:4900:458c:f655:6f70:310f:bf29:9b74 | GET      "/profile/email"
[GIN] 2024/02/27 - 11:53:45 | 302 |   13.099454ms | 2401:4900:458c:f655:6f70:310f:bf29:9b74 | GET      "/verify_mail?code=cbf41606-ba04-4a55-8468-354a98e69860&userId=744480552"
[GIN] 2024/02/27 - 11:53:46 | 302 |    1.283699ms | 2401:4900:458c:f655:6f70:310f:bf29:9b74 | GET      "/profile/email"
[GIN] 2024/02/27 - 11:53:53 | 200 |    1.548538ms | 2401:4900:458c:f655:6f70:310f:bf29:9b74 | GET      "/convert"
[GIN] 2024/02/27 - 12:00:42 | 500 |         4m47s | 2401:4900:458c:f655:6f70:310f:bf29:9b74 | POST     "/convert"
[GIN] 2024/02/27 - 12:00:42 | 200 |   13.427305ms | 2401:4900:458c:f655:6f70:310f:bf29:9b74 | GET      "/convert"
[GIN] 2024/02/27 - 12:00:44 | 200 |   10.414172ms | 2401:4900:458c:f655:6f70:310f:bf29:9b74 | GET      "/static/images/background.png"
[GIN] 2024/02/27 - 12:01:51 | 500 | 14.661329334s | 2401:4900:458c:f655:6f70:310f:bf29:9b74 | POST     "/convert"
[GIN] 2024/02/27 - 12:01:51 | 200 |    1.647367ms | 2401:4900:458c:f655:6f70:310f:bf29:9b74 | GET      "/convert"
[GIN] 2024/02/27 - 12:02:35 | 200 | 35.618097767s | 2401:4900:458c:f655:6f70:310f:bf29:9b74 | POST     "/convert"
[GIN] 2024/02/27 - 12:02:39 | 200 |    1.847161ms | 2401:4900:458c:f655:6f70:310f:bf29:9b74 | GET      "/convert"
